[2024-03-06T13:11:11.852+0500] {logging_mixin.py:188} INFO - Changing /mnt/c/airflow_tutorial/logs/dag_id=task_flow_api_dag_v1/run_id=manual__2024-03-06T08:11:02.828313+00:00/task_id=greet permission to 509
[2024-03-06T13:11:11.854+0500] {logging_mixin.py:188} INFO - Changing /mnt/c/airflow_tutorial/logs/dag_id=task_flow_api_dag_v1/run_id=manual__2024-03-06T08:11:02.828313+00:00 permission to 509
[2024-03-06T13:11:11.856+0500] {logging_mixin.py:188} INFO - Changing /mnt/c/airflow_tutorial/logs/dag_id=task_flow_api_dag_v1 permission to 509
[2024-03-06T13:11:11.857+0500] {logging_mixin.py:188} INFO - Changing /mnt/c/airflow_tutorial/logs permission to 509
[2024-03-06T13:11:11.859+0500] {logging_mixin.py:188} INFO - Changing /mnt/c/airflow_tutorial permission to 509
[2024-03-06T13:11:11.861+0500] {logging_mixin.py:188} INFO - Changing /mnt/c permission to 509
[2024-03-06T13:11:11.862+0500] {logging_mixin.py:188} INFO - Failed to change /mnt/c permission to 509: [Errno 13] Permission denied: '/mnt/c'
[2024-03-06T13:11:11.921+0500] {logging_mixin.py:188} INFO - Changing /mnt/c/airflow_tutorial/logs/dag_id=task_flow_api_dag_v1/run_id=manual__2024-03-06T08:11:02.828313+00:00/task_id=greet permission to 509
[2024-03-06T13:11:11.923+0500] {logging_mixin.py:188} INFO - Changing /mnt/c/airflow_tutorial/logs/dag_id=task_flow_api_dag_v1/run_id=manual__2024-03-06T08:11:02.828313+00:00 permission to 509
[2024-03-06T13:11:11.925+0500] {logging_mixin.py:188} INFO - Changing /mnt/c/airflow_tutorial/logs/dag_id=task_flow_api_dag_v1 permission to 509
[2024-03-06T13:11:11.927+0500] {logging_mixin.py:188} INFO - Changing /mnt/c/airflow_tutorial/logs permission to 509
[2024-03-06T13:11:11.929+0500] {logging_mixin.py:188} INFO - Changing /mnt/c/airflow_tutorial permission to 509
[2024-03-06T13:11:11.931+0500] {logging_mixin.py:188} INFO - Changing /mnt/c permission to 509
[2024-03-06T13:11:11.932+0500] {logging_mixin.py:188} INFO - Failed to change /mnt/c permission to 509: [Errno 13] Permission denied: '/mnt/c'
[2024-03-06T13:11:11.975+0500] {taskinstance.py:1979} INFO - Dependencies all met for dep_context=non-requeueable deps ti=<TaskInstance: task_flow_api_dag_v1.greet manual__2024-03-06T08:11:02.828313+00:00 [queued]>
[2024-03-06T13:11:11.993+0500] {taskinstance.py:1979} INFO - Dependencies all met for dep_context=requeueable deps ti=<TaskInstance: task_flow_api_dag_v1.greet manual__2024-03-06T08:11:02.828313+00:00 [queued]>
[2024-03-06T13:11:11.993+0500] {taskinstance.py:2193} INFO - Starting attempt 1 of 6
[2024-03-06T13:11:12.041+0500] {taskinstance.py:2214} INFO - Executing <Task(_PythonDecoratedOperator): greet> on 2024-03-06 08:11:02.828313+00:00
[2024-03-06T13:11:12.044+0500] {standard_task_runner.py:60} INFO - Started process 1471 to run task
[2024-03-06T13:11:12.047+0500] {standard_task_runner.py:87} INFO - Running: ['airflow', 'tasks', 'run', 'task_flow_api_dag_v1', 'greet', 'manual__2024-03-06T08:11:02.828313+00:00', '--job-id', '26', '--raw', '--subdir', 'DAGS_FOLDER/task_flow_api_dag.py', '--cfg-path', '/tmp/tmpswl5blre']
[2024-03-06T13:11:12.049+0500] {standard_task_runner.py:88} INFO - Job 26: Subtask greet
[2024-03-06T13:11:12.150+0500] {logging_mixin.py:188} INFO - Changing /mnt/c/airflow_tutorial/logs/dag_id=task_flow_api_dag_v1/run_id=manual__2024-03-06T08:11:02.828313+00:00/task_id=greet permission to 509
[2024-03-06T13:11:12.152+0500] {logging_mixin.py:188} INFO - Changing /mnt/c/airflow_tutorial/logs/dag_id=task_flow_api_dag_v1/run_id=manual__2024-03-06T08:11:02.828313+00:00 permission to 509
[2024-03-06T13:11:12.154+0500] {logging_mixin.py:188} INFO - Changing /mnt/c/airflow_tutorial/logs/dag_id=task_flow_api_dag_v1 permission to 509
[2024-03-06T13:11:12.155+0500] {logging_mixin.py:188} INFO - Changing /mnt/c/airflow_tutorial/logs permission to 509
[2024-03-06T13:11:12.157+0500] {logging_mixin.py:188} INFO - Changing /mnt/c/airflow_tutorial permission to 509
[2024-03-06T13:11:12.159+0500] {logging_mixin.py:188} INFO - Changing /mnt/c permission to 509
[2024-03-06T13:11:12.160+0500] {logging_mixin.py:188} INFO - Failed to change /mnt/c permission to 509: [Errno 13] Permission denied: '/mnt/c'
[2024-03-06T13:11:12.162+0500] {task_command.py:423} INFO - Running <TaskInstance: task_flow_api_dag_v1.greet manual__2024-03-06T08:11:02.828313+00:00 [running]> on host DESKTOP-QMFTH9M.
[2024-03-06T13:11:12.347+0500] {taskinstance.py:2510} INFO - Exporting env vars: AIRFLOW_CTX_DAG_OWNER='naeem' AIRFLOW_CTX_DAG_ID='task_flow_api_dag_v1' AIRFLOW_CTX_TASK_ID='greet' AIRFLOW_CTX_EXECUTION_DATE='2024-03-06T08:11:02.828313+00:00' AIRFLOW_CTX_TRY_NUMBER='1' AIRFLOW_CTX_DAG_RUN_ID='manual__2024-03-06T08:11:02.828313+00:00'
[2024-03-06T13:11:12.348+0500] {logging_mixin.py:188} INFO - Hi, My name is Muhammad Naeem, and I am 25 years old...
[2024-03-06T13:11:12.349+0500] {python.py:202} INFO - Done. Returned value was: None
[2024-03-06T13:11:12.364+0500] {taskinstance.py:1149} INFO - Marking task as SUCCESS. dag_id=task_flow_api_dag_v1, task_id=greet, execution_date=20240306T081102, start_date=20240306T081111, end_date=20240306T081112
[2024-03-06T13:11:12.420+0500] {local_task_job_runner.py:234} INFO - Task exited with return code 0
[2024-03-06T13:11:12.448+0500] {taskinstance.py:3309} INFO - 0 downstream tasks scheduled from follow-on schedule check
