[2024-03-06T12:25:03.726+0500] {logging_mixin.py:188} INFO - Changing /mnt/c/airflow_tutorial/logs/dag_id=my_first_dag_v_2/run_id=manual__2024-03-06T05:48:30.560152+00:00/task_id=first_task permission to 509
[2024-03-06T12:25:03.728+0500] {logging_mixin.py:188} INFO - Changing /mnt/c/airflow_tutorial/logs/dag_id=my_first_dag_v_2/run_id=manual__2024-03-06T05:48:30.560152+00:00 permission to 509
[2024-03-06T12:25:03.729+0500] {logging_mixin.py:188} INFO - Changing /mnt/c/airflow_tutorial/logs/dag_id=my_first_dag_v_2 permission to 509
[2024-03-06T12:25:03.730+0500] {logging_mixin.py:188} INFO - Changing /mnt/c/airflow_tutorial/logs permission to 509
[2024-03-06T12:25:03.732+0500] {logging_mixin.py:188} INFO - Changing /mnt/c/airflow_tutorial permission to 509
[2024-03-06T12:25:03.733+0500] {logging_mixin.py:188} INFO - Changing /mnt/c permission to 509
[2024-03-06T12:25:03.734+0500] {logging_mixin.py:188} INFO - Failed to change /mnt/c permission to 509: [Errno 13] Permission denied: '/mnt/c'
[2024-03-06T12:25:03.791+0500] {logging_mixin.py:188} INFO - Changing /mnt/c/airflow_tutorial/logs/dag_id=my_first_dag_v_2/run_id=manual__2024-03-06T05:48:30.560152+00:00/task_id=first_task permission to 509
[2024-03-06T12:25:03.793+0500] {logging_mixin.py:188} INFO - Changing /mnt/c/airflow_tutorial/logs/dag_id=my_first_dag_v_2/run_id=manual__2024-03-06T05:48:30.560152+00:00 permission to 509
[2024-03-06T12:25:03.795+0500] {logging_mixin.py:188} INFO - Changing /mnt/c/airflow_tutorial/logs/dag_id=my_first_dag_v_2 permission to 509
[2024-03-06T12:25:03.796+0500] {logging_mixin.py:188} INFO - Changing /mnt/c/airflow_tutorial/logs permission to 509
[2024-03-06T12:25:03.797+0500] {logging_mixin.py:188} INFO - Changing /mnt/c/airflow_tutorial permission to 509
[2024-03-06T12:25:03.799+0500] {logging_mixin.py:188} INFO - Changing /mnt/c permission to 509
[2024-03-06T12:25:03.799+0500] {logging_mixin.py:188} INFO - Failed to change /mnt/c permission to 509: [Errno 13] Permission denied: '/mnt/c'
[2024-03-06T12:25:03.831+0500] {taskinstance.py:1979} INFO - Dependencies all met for dep_context=non-requeueable deps ti=<TaskInstance: my_first_dag_v_2.first_task manual__2024-03-06T05:48:30.560152+00:00 [queued]>
[2024-03-06T12:25:03.847+0500] {taskinstance.py:1979} INFO - Dependencies all met for dep_context=requeueable deps ti=<TaskInstance: my_first_dag_v_2.first_task manual__2024-03-06T05:48:30.560152+00:00 [queued]>
[2024-03-06T12:25:03.847+0500] {taskinstance.py:2193} INFO - Starting attempt 1 of 6
[2024-03-06T12:25:03.888+0500] {taskinstance.py:2214} INFO - Executing <Task(BashOperator): first_task> on 2024-03-06 05:48:30.560152+00:00
[2024-03-06T12:25:03.891+0500] {standard_task_runner.py:60} INFO - Started process 902 to run task
[2024-03-06T12:25:03.893+0500] {standard_task_runner.py:87} INFO - Running: ['airflow', 'tasks', 'run', 'my_first_dag_v_2', 'first_task', 'manual__2024-03-06T05:48:30.560152+00:00', '--job-id', '7', '--raw', '--subdir', 'DAGS_FOLDER/my_first_dag.py', '--cfg-path', '/tmp/tmp8otyu3wd']
[2024-03-06T12:25:03.894+0500] {standard_task_runner.py:88} INFO - Job 7: Subtask first_task
[2024-03-06T12:25:03.979+0500] {logging_mixin.py:188} INFO - Changing /mnt/c/airflow_tutorial/logs/dag_id=my_first_dag_v_2/run_id=manual__2024-03-06T05:48:30.560152+00:00/task_id=first_task permission to 509
[2024-03-06T12:25:03.981+0500] {logging_mixin.py:188} INFO - Changing /mnt/c/airflow_tutorial/logs/dag_id=my_first_dag_v_2/run_id=manual__2024-03-06T05:48:30.560152+00:00 permission to 509
[2024-03-06T12:25:03.982+0500] {logging_mixin.py:188} INFO - Changing /mnt/c/airflow_tutorial/logs/dag_id=my_first_dag_v_2 permission to 509
[2024-03-06T12:25:03.984+0500] {logging_mixin.py:188} INFO - Changing /mnt/c/airflow_tutorial/logs permission to 509
[2024-03-06T12:25:03.985+0500] {logging_mixin.py:188} INFO - Changing /mnt/c/airflow_tutorial permission to 509
[2024-03-06T12:25:03.986+0500] {logging_mixin.py:188} INFO - Changing /mnt/c permission to 509
[2024-03-06T12:25:03.987+0500] {logging_mixin.py:188} INFO - Failed to change /mnt/c permission to 509: [Errno 13] Permission denied: '/mnt/c'
[2024-03-06T12:25:03.988+0500] {task_command.py:423} INFO - Running <TaskInstance: my_first_dag_v_2.first_task manual__2024-03-06T05:48:30.560152+00:00 [running]> on host DESKTOP-QMFTH9M.
[2024-03-06T12:25:04.111+0500] {taskinstance.py:2510} INFO - Exporting env vars: AIRFLOW_CTX_DAG_OWNER='naeem' AIRFLOW_CTX_DAG_ID='my_first_dag_v_2' AIRFLOW_CTX_TASK_ID='first_task' AIRFLOW_CTX_EXECUTION_DATE='2024-03-06T05:48:30.560152+00:00' AIRFLOW_CTX_TRY_NUMBER='1' AIRFLOW_CTX_DAG_RUN_ID='manual__2024-03-06T05:48:30.560152+00:00'
[2024-03-06T12:25:04.114+0500] {subprocess.py:63} INFO - Tmp dir root location: /tmp
[2024-03-06T12:25:04.115+0500] {subprocess.py:75} INFO - Running command: ['/usr/bin/bash', '-c', 'echo Hello, first task!']
[2024-03-06T12:25:04.119+0500] {subprocess.py:86} INFO - Output:
[2024-03-06T12:25:04.120+0500] {subprocess.py:93} INFO - Hello, first task!
[2024-03-06T12:25:04.121+0500] {subprocess.py:97} INFO - Command exited with return code 0
[2024-03-06T12:25:04.179+0500] {taskinstance.py:1149} INFO - Marking task as SUCCESS. dag_id=my_first_dag_v_2, task_id=first_task, execution_date=20240306T054830, start_date=20240306T072503, end_date=20240306T072504
[2024-03-06T12:25:04.226+0500] {local_task_job_runner.py:234} INFO - Task exited with return code 0
[2024-03-06T12:25:04.265+0500] {taskinstance.py:3309} INFO - 2 downstream tasks scheduled from follow-on schedule check
