[2024-03-06T12:25:13.088+0500] {logging_mixin.py:188} INFO - Changing /mnt/c/airflow_tutorial/logs/dag_id=my_first_dag_v_2/run_id=manual__2024-03-06T07:09:10.753409+00:00/task_id=second_task permission to 509
[2024-03-06T12:25:13.089+0500] {logging_mixin.py:188} INFO - Changing /mnt/c/airflow_tutorial/logs/dag_id=my_first_dag_v_2/run_id=manual__2024-03-06T07:09:10.753409+00:00 permission to 509
[2024-03-06T12:25:13.091+0500] {logging_mixin.py:188} INFO - Changing /mnt/c/airflow_tutorial/logs/dag_id=my_first_dag_v_2 permission to 509
[2024-03-06T12:25:13.092+0500] {logging_mixin.py:188} INFO - Changing /mnt/c/airflow_tutorial/logs permission to 509
[2024-03-06T12:25:13.093+0500] {logging_mixin.py:188} INFO - Changing /mnt/c/airflow_tutorial permission to 509
[2024-03-06T12:25:13.095+0500] {logging_mixin.py:188} INFO - Changing /mnt/c permission to 509
[2024-03-06T12:25:13.095+0500] {logging_mixin.py:188} INFO - Failed to change /mnt/c permission to 509: [Errno 13] Permission denied: '/mnt/c'
[2024-03-06T12:25:13.149+0500] {logging_mixin.py:188} INFO - Changing /mnt/c/airflow_tutorial/logs/dag_id=my_first_dag_v_2/run_id=manual__2024-03-06T07:09:10.753409+00:00/task_id=second_task permission to 509
[2024-03-06T12:25:13.151+0500] {logging_mixin.py:188} INFO - Changing /mnt/c/airflow_tutorial/logs/dag_id=my_first_dag_v_2/run_id=manual__2024-03-06T07:09:10.753409+00:00 permission to 509
[2024-03-06T12:25:13.153+0500] {logging_mixin.py:188} INFO - Changing /mnt/c/airflow_tutorial/logs/dag_id=my_first_dag_v_2 permission to 509
[2024-03-06T12:25:13.154+0500] {logging_mixin.py:188} INFO - Changing /mnt/c/airflow_tutorial/logs permission to 509
[2024-03-06T12:25:13.156+0500] {logging_mixin.py:188} INFO - Changing /mnt/c/airflow_tutorial permission to 509
[2024-03-06T12:25:13.157+0500] {logging_mixin.py:188} INFO - Changing /mnt/c permission to 509
[2024-03-06T12:25:13.158+0500] {logging_mixin.py:188} INFO - Failed to change /mnt/c permission to 509: [Errno 13] Permission denied: '/mnt/c'
[2024-03-06T12:25:13.191+0500] {taskinstance.py:1979} INFO - Dependencies all met for dep_context=non-requeueable deps ti=<TaskInstance: my_first_dag_v_2.second_task manual__2024-03-06T07:09:10.753409+00:00 [queued]>
[2024-03-06T12:25:13.205+0500] {taskinstance.py:1979} INFO - Dependencies all met for dep_context=requeueable deps ti=<TaskInstance: my_first_dag_v_2.second_task manual__2024-03-06T07:09:10.753409+00:00 [queued]>
[2024-03-06T12:25:13.205+0500] {taskinstance.py:2193} INFO - Starting attempt 1 of 6
[2024-03-06T12:25:13.238+0500] {taskinstance.py:2214} INFO - Executing <Task(BashOperator): second_task> on 2024-03-06 07:09:10.753409+00:00
[2024-03-06T12:25:13.241+0500] {standard_task_runner.py:60} INFO - Started process 917 to run task
[2024-03-06T12:25:13.245+0500] {standard_task_runner.py:87} INFO - Running: ['airflow', 'tasks', 'run', 'my_first_dag_v_2', 'second_task', 'manual__2024-03-06T07:09:10.753409+00:00', '--job-id', '11', '--raw', '--subdir', 'DAGS_FOLDER/my_first_dag.py', '--cfg-path', '/tmp/tmp6wo_c9tj']
[2024-03-06T12:25:13.247+0500] {standard_task_runner.py:88} INFO - Job 11: Subtask second_task
[2024-03-06T12:25:13.319+0500] {logging_mixin.py:188} INFO - Changing /mnt/c/airflow_tutorial/logs/dag_id=my_first_dag_v_2/run_id=manual__2024-03-06T07:09:10.753409+00:00/task_id=second_task permission to 509
[2024-03-06T12:25:13.321+0500] {logging_mixin.py:188} INFO - Changing /mnt/c/airflow_tutorial/logs/dag_id=my_first_dag_v_2/run_id=manual__2024-03-06T07:09:10.753409+00:00 permission to 509
[2024-03-06T12:25:13.322+0500] {logging_mixin.py:188} INFO - Changing /mnt/c/airflow_tutorial/logs/dag_id=my_first_dag_v_2 permission to 509
[2024-03-06T12:25:13.324+0500] {logging_mixin.py:188} INFO - Changing /mnt/c/airflow_tutorial/logs permission to 509
[2024-03-06T12:25:13.325+0500] {logging_mixin.py:188} INFO - Changing /mnt/c/airflow_tutorial permission to 509
[2024-03-06T12:25:13.326+0500] {logging_mixin.py:188} INFO - Changing /mnt/c permission to 509
[2024-03-06T12:25:13.327+0500] {logging_mixin.py:188} INFO - Failed to change /mnt/c permission to 509: [Errno 13] Permission denied: '/mnt/c'
[2024-03-06T12:25:13.329+0500] {task_command.py:423} INFO - Running <TaskInstance: my_first_dag_v_2.second_task manual__2024-03-06T07:09:10.753409+00:00 [running]> on host DESKTOP-QMFTH9M.
[2024-03-06T12:25:13.449+0500] {taskinstance.py:2510} INFO - Exporting env vars: AIRFLOW_CTX_DAG_OWNER='naeem' AIRFLOW_CTX_DAG_ID='my_first_dag_v_2' AIRFLOW_CTX_TASK_ID='second_task' AIRFLOW_CTX_EXECUTION_DATE='2024-03-06T07:09:10.753409+00:00' AIRFLOW_CTX_TRY_NUMBER='1' AIRFLOW_CTX_DAG_RUN_ID='manual__2024-03-06T07:09:10.753409+00:00'
[2024-03-06T12:25:13.451+0500] {subprocess.py:63} INFO - Tmp dir root location: /tmp
[2024-03-06T12:25:13.452+0500] {subprocess.py:75} INFO - Running command: ['/usr/bin/bash', '-c', 'echo Hello, second task!']
[2024-03-06T12:25:13.456+0500] {subprocess.py:86} INFO - Output:
[2024-03-06T12:25:13.458+0500] {subprocess.py:93} INFO - Hello, second task!
[2024-03-06T12:25:13.458+0500] {subprocess.py:97} INFO - Command exited with return code 0
[2024-03-06T12:25:13.504+0500] {taskinstance.py:1149} INFO - Marking task as SUCCESS. dag_id=my_first_dag_v_2, task_id=second_task, execution_date=20240306T070910, start_date=20240306T072513, end_date=20240306T072513
[2024-03-06T12:25:13.579+0500] {local_task_job_runner.py:234} INFO - Task exited with return code 0
[2024-03-06T12:25:13.596+0500] {taskinstance.py:3309} INFO - 0 downstream tasks scheduled from follow-on schedule check
