[2024-03-06T12:38:37.785+0500] {logging_mixin.py:188} INFO - Changing /mnt/c/airflow_tutorial/logs/dag_id=python_operator_dag_v_4/run_id=manual__2024-03-06T07:38:34.361317+00:00/task_id=get_name permission to 509
[2024-03-06T12:38:37.787+0500] {logging_mixin.py:188} INFO - Changing /mnt/c/airflow_tutorial/logs/dag_id=python_operator_dag_v_4/run_id=manual__2024-03-06T07:38:34.361317+00:00 permission to 509
[2024-03-06T12:38:37.789+0500] {logging_mixin.py:188} INFO - Changing /mnt/c/airflow_tutorial/logs/dag_id=python_operator_dag_v_4 permission to 509
[2024-03-06T12:38:37.790+0500] {logging_mixin.py:188} INFO - Changing /mnt/c/airflow_tutorial/logs permission to 509
[2024-03-06T12:38:37.792+0500] {logging_mixin.py:188} INFO - Changing /mnt/c/airflow_tutorial permission to 509
[2024-03-06T12:38:37.794+0500] {logging_mixin.py:188} INFO - Changing /mnt/c permission to 509
[2024-03-06T12:38:37.794+0500] {logging_mixin.py:188} INFO - Failed to change /mnt/c permission to 509: [Errno 13] Permission denied: '/mnt/c'
[2024-03-06T12:38:37.867+0500] {logging_mixin.py:188} INFO - Changing /mnt/c/airflow_tutorial/logs/dag_id=python_operator_dag_v_4/run_id=manual__2024-03-06T07:38:34.361317+00:00/task_id=get_name permission to 509
[2024-03-06T12:38:37.868+0500] {logging_mixin.py:188} INFO - Changing /mnt/c/airflow_tutorial/logs/dag_id=python_operator_dag_v_4/run_id=manual__2024-03-06T07:38:34.361317+00:00 permission to 509
[2024-03-06T12:38:37.870+0500] {logging_mixin.py:188} INFO - Changing /mnt/c/airflow_tutorial/logs/dag_id=python_operator_dag_v_4 permission to 509
[2024-03-06T12:38:37.871+0500] {logging_mixin.py:188} INFO - Changing /mnt/c/airflow_tutorial/logs permission to 509
[2024-03-06T12:38:37.872+0500] {logging_mixin.py:188} INFO - Changing /mnt/c/airflow_tutorial permission to 509
[2024-03-06T12:38:37.874+0500] {logging_mixin.py:188} INFO - Changing /mnt/c permission to 509
[2024-03-06T12:38:37.875+0500] {logging_mixin.py:188} INFO - Failed to change /mnt/c permission to 509: [Errno 13] Permission denied: '/mnt/c'
[2024-03-06T12:38:37.910+0500] {taskinstance.py:1979} INFO - Dependencies all met for dep_context=non-requeueable deps ti=<TaskInstance: python_operator_dag_v_4.get_name manual__2024-03-06T07:38:34.361317+00:00 [queued]>
[2024-03-06T12:38:37.927+0500] {taskinstance.py:1979} INFO - Dependencies all met for dep_context=requeueable deps ti=<TaskInstance: python_operator_dag_v_4.get_name manual__2024-03-06T07:38:34.361317+00:00 [queued]>
[2024-03-06T12:38:37.928+0500] {taskinstance.py:2193} INFO - Starting attempt 1 of 6
[2024-03-06T12:38:37.971+0500] {taskinstance.py:2214} INFO - Executing <Task(PythonOperator): get_name> on 2024-03-06 07:38:34.361317+00:00
[2024-03-06T12:38:37.974+0500] {standard_task_runner.py:60} INFO - Started process 1075 to run task
[2024-03-06T12:38:37.976+0500] {standard_task_runner.py:87} INFO - Running: ['airflow', 'tasks', 'run', 'python_operator_dag_v_4', 'get_name', 'manual__2024-03-06T07:38:34.361317+00:00', '--job-id', '15', '--raw', '--subdir', 'DAGS_FOLDER/python_operator_dag.py', '--cfg-path', '/tmp/tmppkwipu5_']
[2024-03-06T12:38:37.978+0500] {standard_task_runner.py:88} INFO - Job 15: Subtask get_name
[2024-03-06T12:38:38.075+0500] {logging_mixin.py:188} INFO - Changing /mnt/c/airflow_tutorial/logs/dag_id=python_operator_dag_v_4/run_id=manual__2024-03-06T07:38:34.361317+00:00/task_id=get_name permission to 509
[2024-03-06T12:38:38.076+0500] {logging_mixin.py:188} INFO - Changing /mnt/c/airflow_tutorial/logs/dag_id=python_operator_dag_v_4/run_id=manual__2024-03-06T07:38:34.361317+00:00 permission to 509
[2024-03-06T12:38:38.078+0500] {logging_mixin.py:188} INFO - Changing /mnt/c/airflow_tutorial/logs/dag_id=python_operator_dag_v_4 permission to 509
[2024-03-06T12:38:38.079+0500] {logging_mixin.py:188} INFO - Changing /mnt/c/airflow_tutorial/logs permission to 509
[2024-03-06T12:38:38.082+0500] {logging_mixin.py:188} INFO - Changing /mnt/c/airflow_tutorial permission to 509
[2024-03-06T12:38:38.084+0500] {logging_mixin.py:188} INFO - Changing /mnt/c permission to 509
[2024-03-06T12:38:38.085+0500] {logging_mixin.py:188} INFO - Failed to change /mnt/c permission to 509: [Errno 13] Permission denied: '/mnt/c'
[2024-03-06T12:38:38.086+0500] {task_command.py:423} INFO - Running <TaskInstance: python_operator_dag_v_4.get_name manual__2024-03-06T07:38:34.361317+00:00 [running]> on host DESKTOP-QMFTH9M.
[2024-03-06T12:38:38.239+0500] {taskinstance.py:2510} INFO - Exporting env vars: AIRFLOW_CTX_DAG_OWNER='naeem' AIRFLOW_CTX_DAG_ID='python_operator_dag_v_4' AIRFLOW_CTX_TASK_ID='get_name' AIRFLOW_CTX_EXECUTION_DATE='2024-03-06T07:38:34.361317+00:00' AIRFLOW_CTX_TRY_NUMBER='1' AIRFLOW_CTX_DAG_RUN_ID='manual__2024-03-06T07:38:34.361317+00:00'
[2024-03-06T12:38:38.240+0500] {python.py:202} INFO - Done. Returned value was: Muhammad Naeem
[2024-03-06T12:38:38.296+0500] {taskinstance.py:1149} INFO - Marking task as SUCCESS. dag_id=python_operator_dag_v_4, task_id=get_name, execution_date=20240306T073834, start_date=20240306T073837, end_date=20240306T073838
[2024-03-06T12:38:38.351+0500] {local_task_job_runner.py:234} INFO - Task exited with return code 0
[2024-03-06T12:38:38.392+0500] {taskinstance.py:3309} INFO - 1 downstream tasks scheduled from follow-on schedule check
