[2024-03-06T12:25:15.356+0500] {logging_mixin.py:188} INFO - Changing /mnt/c/airflow_tutorial/logs/dag_id=my_first_dag_v_2/run_id=manual__2024-03-06T07:09:10.753409+00:00/task_id=third_task permission to 509
[2024-03-06T12:25:15.358+0500] {logging_mixin.py:188} INFO - Changing /mnt/c/airflow_tutorial/logs/dag_id=my_first_dag_v_2/run_id=manual__2024-03-06T07:09:10.753409+00:00 permission to 509
[2024-03-06T12:25:15.360+0500] {logging_mixin.py:188} INFO - Changing /mnt/c/airflow_tutorial/logs/dag_id=my_first_dag_v_2 permission to 509
[2024-03-06T12:25:15.361+0500] {logging_mixin.py:188} INFO - Changing /mnt/c/airflow_tutorial/logs permission to 509
[2024-03-06T12:25:15.363+0500] {logging_mixin.py:188} INFO - Changing /mnt/c/airflow_tutorial permission to 509
[2024-03-06T12:25:15.365+0500] {logging_mixin.py:188} INFO - Changing /mnt/c permission to 509
[2024-03-06T12:25:15.366+0500] {logging_mixin.py:188} INFO - Failed to change /mnt/c permission to 509: [Errno 13] Permission denied: '/mnt/c'
[2024-03-06T12:25:15.423+0500] {logging_mixin.py:188} INFO - Changing /mnt/c/airflow_tutorial/logs/dag_id=my_first_dag_v_2/run_id=manual__2024-03-06T07:09:10.753409+00:00/task_id=third_task permission to 509
[2024-03-06T12:25:15.425+0500] {logging_mixin.py:188} INFO - Changing /mnt/c/airflow_tutorial/logs/dag_id=my_first_dag_v_2/run_id=manual__2024-03-06T07:09:10.753409+00:00 permission to 509
[2024-03-06T12:25:15.426+0500] {logging_mixin.py:188} INFO - Changing /mnt/c/airflow_tutorial/logs/dag_id=my_first_dag_v_2 permission to 509
[2024-03-06T12:25:15.428+0500] {logging_mixin.py:188} INFO - Changing /mnt/c/airflow_tutorial/logs permission to 509
[2024-03-06T12:25:15.429+0500] {logging_mixin.py:188} INFO - Changing /mnt/c/airflow_tutorial permission to 509
[2024-03-06T12:25:15.430+0500] {logging_mixin.py:188} INFO - Changing /mnt/c permission to 509
[2024-03-06T12:25:15.431+0500] {logging_mixin.py:188} INFO - Failed to change /mnt/c permission to 509: [Errno 13] Permission denied: '/mnt/c'
[2024-03-06T12:25:15.463+0500] {taskinstance.py:1979} INFO - Dependencies all met for dep_context=non-requeueable deps ti=<TaskInstance: my_first_dag_v_2.third_task manual__2024-03-06T07:09:10.753409+00:00 [queued]>
[2024-03-06T12:25:15.479+0500] {taskinstance.py:1979} INFO - Dependencies all met for dep_context=requeueable deps ti=<TaskInstance: my_first_dag_v_2.third_task manual__2024-03-06T07:09:10.753409+00:00 [queued]>
[2024-03-06T12:25:15.479+0500] {taskinstance.py:2193} INFO - Starting attempt 1 of 6
[2024-03-06T12:25:15.513+0500] {taskinstance.py:2214} INFO - Executing <Task(BashOperator): third_task> on 2024-03-06 07:09:10.753409+00:00
[2024-03-06T12:25:15.515+0500] {standard_task_runner.py:60} INFO - Started process 921 to run task
[2024-03-06T12:25:15.518+0500] {standard_task_runner.py:87} INFO - Running: ['airflow', 'tasks', 'run', 'my_first_dag_v_2', 'third_task', 'manual__2024-03-06T07:09:10.753409+00:00', '--job-id', '12', '--raw', '--subdir', 'DAGS_FOLDER/my_first_dag.py', '--cfg-path', '/tmp/tmpn8dl_hxm']
[2024-03-06T12:25:15.519+0500] {standard_task_runner.py:88} INFO - Job 12: Subtask third_task
[2024-03-06T12:25:15.598+0500] {logging_mixin.py:188} INFO - Changing /mnt/c/airflow_tutorial/logs/dag_id=my_first_dag_v_2/run_id=manual__2024-03-06T07:09:10.753409+00:00/task_id=third_task permission to 509
[2024-03-06T12:25:15.600+0500] {logging_mixin.py:188} INFO - Changing /mnt/c/airflow_tutorial/logs/dag_id=my_first_dag_v_2/run_id=manual__2024-03-06T07:09:10.753409+00:00 permission to 509
[2024-03-06T12:25:15.602+0500] {logging_mixin.py:188} INFO - Changing /mnt/c/airflow_tutorial/logs/dag_id=my_first_dag_v_2 permission to 509
[2024-03-06T12:25:15.603+0500] {logging_mixin.py:188} INFO - Changing /mnt/c/airflow_tutorial/logs permission to 509
[2024-03-06T12:25:15.605+0500] {logging_mixin.py:188} INFO - Changing /mnt/c/airflow_tutorial permission to 509
[2024-03-06T12:25:15.606+0500] {logging_mixin.py:188} INFO - Changing /mnt/c permission to 509
[2024-03-06T12:25:15.607+0500] {logging_mixin.py:188} INFO - Failed to change /mnt/c permission to 509: [Errno 13] Permission denied: '/mnt/c'
[2024-03-06T12:25:15.610+0500] {task_command.py:423} INFO - Running <TaskInstance: my_first_dag_v_2.third_task manual__2024-03-06T07:09:10.753409+00:00 [running]> on host DESKTOP-QMFTH9M.
[2024-03-06T12:25:15.739+0500] {taskinstance.py:2510} INFO - Exporting env vars: AIRFLOW_CTX_DAG_OWNER='naeem' AIRFLOW_CTX_DAG_ID='my_first_dag_v_2' AIRFLOW_CTX_TASK_ID='third_task' AIRFLOW_CTX_EXECUTION_DATE='2024-03-06T07:09:10.753409+00:00' AIRFLOW_CTX_TRY_NUMBER='1' AIRFLOW_CTX_DAG_RUN_ID='manual__2024-03-06T07:09:10.753409+00:00'
[2024-03-06T12:25:15.742+0500] {subprocess.py:63} INFO - Tmp dir root location: /tmp
[2024-03-06T12:25:15.743+0500] {subprocess.py:75} INFO - Running command: ['/usr/bin/bash', '-c', 'echo Hello, third task!']
[2024-03-06T12:25:15.747+0500] {subprocess.py:86} INFO - Output:
[2024-03-06T12:25:15.748+0500] {subprocess.py:93} INFO - Hello, third task!
[2024-03-06T12:25:15.749+0500] {subprocess.py:97} INFO - Command exited with return code 0
[2024-03-06T12:25:15.796+0500] {taskinstance.py:1149} INFO - Marking task as SUCCESS. dag_id=my_first_dag_v_2, task_id=third_task, execution_date=20240306T070910, start_date=20240306T072515, end_date=20240306T072515
[2024-03-06T12:25:15.851+0500] {local_task_job_runner.py:234} INFO - Task exited with return code 0
[2024-03-06T12:25:15.872+0500] {taskinstance.py:3309} INFO - 0 downstream tasks scheduled from follow-on schedule check
