[2024-03-06T12:52:59.894+0500] {logging_mixin.py:188} INFO - Changing /mnt/c/airflow_tutorial/logs/dag_id=python_operator_dag_v_7/run_id=manual__2024-03-06T07:52:51.060467+00:00/task_id=greet permission to 509
[2024-03-06T12:52:59.896+0500] {logging_mixin.py:188} INFO - Changing /mnt/c/airflow_tutorial/logs/dag_id=python_operator_dag_v_7/run_id=manual__2024-03-06T07:52:51.060467+00:00 permission to 509
[2024-03-06T12:52:59.897+0500] {logging_mixin.py:188} INFO - Changing /mnt/c/airflow_tutorial/logs/dag_id=python_operator_dag_v_7 permission to 509
[2024-03-06T12:52:59.899+0500] {logging_mixin.py:188} INFO - Changing /mnt/c/airflow_tutorial/logs permission to 509
[2024-03-06T12:52:59.900+0500] {logging_mixin.py:188} INFO - Changing /mnt/c/airflow_tutorial permission to 509
[2024-03-06T12:52:59.902+0500] {logging_mixin.py:188} INFO - Changing /mnt/c permission to 509
[2024-03-06T12:52:59.903+0500] {logging_mixin.py:188} INFO - Failed to change /mnt/c permission to 509: [Errno 13] Permission denied: '/mnt/c'
[2024-03-06T12:52:59.958+0500] {logging_mixin.py:188} INFO - Changing /mnt/c/airflow_tutorial/logs/dag_id=python_operator_dag_v_7/run_id=manual__2024-03-06T07:52:51.060467+00:00/task_id=greet permission to 509
[2024-03-06T12:52:59.960+0500] {logging_mixin.py:188} INFO - Changing /mnt/c/airflow_tutorial/logs/dag_id=python_operator_dag_v_7/run_id=manual__2024-03-06T07:52:51.060467+00:00 permission to 509
[2024-03-06T12:52:59.962+0500] {logging_mixin.py:188} INFO - Changing /mnt/c/airflow_tutorial/logs/dag_id=python_operator_dag_v_7 permission to 509
[2024-03-06T12:52:59.963+0500] {logging_mixin.py:188} INFO - Changing /mnt/c/airflow_tutorial/logs permission to 509
[2024-03-06T12:52:59.965+0500] {logging_mixin.py:188} INFO - Changing /mnt/c/airflow_tutorial permission to 509
[2024-03-06T12:52:59.966+0500] {logging_mixin.py:188} INFO - Changing /mnt/c permission to 509
[2024-03-06T12:52:59.967+0500] {logging_mixin.py:188} INFO - Failed to change /mnt/c permission to 509: [Errno 13] Permission denied: '/mnt/c'
[2024-03-06T12:53:00.004+0500] {taskinstance.py:1979} INFO - Dependencies all met for dep_context=non-requeueable deps ti=<TaskInstance: python_operator_dag_v_7.greet manual__2024-03-06T07:52:51.060467+00:00 [queued]>
[2024-03-06T12:53:00.025+0500] {taskinstance.py:1979} INFO - Dependencies all met for dep_context=requeueable deps ti=<TaskInstance: python_operator_dag_v_7.greet manual__2024-03-06T07:52:51.060467+00:00 [queued]>
[2024-03-06T12:53:00.025+0500] {taskinstance.py:2193} INFO - Starting attempt 1 of 6
[2024-03-06T12:53:00.065+0500] {taskinstance.py:2214} INFO - Executing <Task(PythonOperator): greet> on 2024-03-06 07:52:51.060467+00:00
[2024-03-06T12:53:00.067+0500] {standard_task_runner.py:60} INFO - Started process 1273 to run task
[2024-03-06T12:53:00.070+0500] {standard_task_runner.py:87} INFO - Running: ['airflow', 'tasks', 'run', 'python_operator_dag_v_7', 'greet', 'manual__2024-03-06T07:52:51.060467+00:00', '--job-id', '23', '--raw', '--subdir', 'DAGS_FOLDER/python_operator_dag.py', '--cfg-path', '/tmp/tmpsu7seuwx']
[2024-03-06T12:53:00.071+0500] {standard_task_runner.py:88} INFO - Job 23: Subtask greet
[2024-03-06T12:53:00.154+0500] {logging_mixin.py:188} INFO - Changing /mnt/c/airflow_tutorial/logs/dag_id=python_operator_dag_v_7/run_id=manual__2024-03-06T07:52:51.060467+00:00/task_id=greet permission to 509
[2024-03-06T12:53:00.156+0500] {logging_mixin.py:188} INFO - Changing /mnt/c/airflow_tutorial/logs/dag_id=python_operator_dag_v_7/run_id=manual__2024-03-06T07:52:51.060467+00:00 permission to 509
[2024-03-06T12:53:00.158+0500] {logging_mixin.py:188} INFO - Changing /mnt/c/airflow_tutorial/logs/dag_id=python_operator_dag_v_7 permission to 509
[2024-03-06T12:53:00.159+0500] {logging_mixin.py:188} INFO - Changing /mnt/c/airflow_tutorial/logs permission to 509
[2024-03-06T12:53:00.161+0500] {logging_mixin.py:188} INFO - Changing /mnt/c/airflow_tutorial permission to 509
[2024-03-06T12:53:00.162+0500] {logging_mixin.py:188} INFO - Changing /mnt/c permission to 509
[2024-03-06T12:53:00.163+0500] {logging_mixin.py:188} INFO - Failed to change /mnt/c permission to 509: [Errno 13] Permission denied: '/mnt/c'
[2024-03-06T12:53:00.165+0500] {task_command.py:423} INFO - Running <TaskInstance: python_operator_dag_v_7.greet manual__2024-03-06T07:52:51.060467+00:00 [running]> on host DESKTOP-QMFTH9M.
[2024-03-06T12:53:00.308+0500] {taskinstance.py:2510} INFO - Exporting env vars: AIRFLOW_CTX_DAG_OWNER='naeem' AIRFLOW_CTX_DAG_ID='python_operator_dag_v_7' AIRFLOW_CTX_TASK_ID='greet' AIRFLOW_CTX_EXECUTION_DATE='2024-03-06T07:52:51.060467+00:00' AIRFLOW_CTX_TRY_NUMBER='1' AIRFLOW_CTX_DAG_RUN_ID='manual__2024-03-06T07:52:51.060467+00:00'
[2024-03-06T12:53:00.346+0500] {logging_mixin.py:188} INFO - Hi, My name is Muhammad Naeem, and I am 26 years old...
[2024-03-06T12:53:00.346+0500] {python.py:202} INFO - Done. Returned value was: None
[2024-03-06T12:53:00.359+0500] {taskinstance.py:1149} INFO - Marking task as SUCCESS. dag_id=python_operator_dag_v_7, task_id=greet, execution_date=20240306T075251, start_date=20240306T075300, end_date=20240306T075300
[2024-03-06T12:53:00.403+0500] {local_task_job_runner.py:234} INFO - Task exited with return code 0
[2024-03-06T12:53:00.428+0500] {taskinstance.py:3309} INFO - 0 downstream tasks scheduled from follow-on schedule check
