[2024-03-06T12:48:54.963+0500] {logging_mixin.py:188} INFO - Changing /mnt/c/airflow_tutorial/logs/dag_id=python_operator_dag_v_6/run_id=manual__2024-03-06T07:48:51.903732+00:00/task_id=get_name permission to 509
[2024-03-06T12:48:54.964+0500] {logging_mixin.py:188} INFO - Changing /mnt/c/airflow_tutorial/logs/dag_id=python_operator_dag_v_6/run_id=manual__2024-03-06T07:48:51.903732+00:00 permission to 509
[2024-03-06T12:48:54.966+0500] {logging_mixin.py:188} INFO - Changing /mnt/c/airflow_tutorial/logs/dag_id=python_operator_dag_v_6 permission to 509
[2024-03-06T12:48:54.968+0500] {logging_mixin.py:188} INFO - Changing /mnt/c/airflow_tutorial/logs permission to 509
[2024-03-06T12:48:54.971+0500] {logging_mixin.py:188} INFO - Changing /mnt/c/airflow_tutorial permission to 509
[2024-03-06T12:48:54.973+0500] {logging_mixin.py:188} INFO - Changing /mnt/c permission to 509
[2024-03-06T12:48:54.974+0500] {logging_mixin.py:188} INFO - Failed to change /mnt/c permission to 509: [Errno 13] Permission denied: '/mnt/c'
[2024-03-06T12:48:55.050+0500] {logging_mixin.py:188} INFO - Changing /mnt/c/airflow_tutorial/logs/dag_id=python_operator_dag_v_6/run_id=manual__2024-03-06T07:48:51.903732+00:00/task_id=get_name permission to 509
[2024-03-06T12:48:55.053+0500] {logging_mixin.py:188} INFO - Changing /mnt/c/airflow_tutorial/logs/dag_id=python_operator_dag_v_6/run_id=manual__2024-03-06T07:48:51.903732+00:00 permission to 509
[2024-03-06T12:48:55.056+0500] {logging_mixin.py:188} INFO - Changing /mnt/c/airflow_tutorial/logs/dag_id=python_operator_dag_v_6 permission to 509
[2024-03-06T12:48:55.057+0500] {logging_mixin.py:188} INFO - Changing /mnt/c/airflow_tutorial/logs permission to 509
[2024-03-06T12:48:55.059+0500] {logging_mixin.py:188} INFO - Changing /mnt/c/airflow_tutorial permission to 509
[2024-03-06T12:48:55.061+0500] {logging_mixin.py:188} INFO - Changing /mnt/c permission to 509
[2024-03-06T12:48:55.062+0500] {logging_mixin.py:188} INFO - Failed to change /mnt/c permission to 509: [Errno 13] Permission denied: '/mnt/c'
[2024-03-06T12:48:55.111+0500] {taskinstance.py:1979} INFO - Dependencies all met for dep_context=non-requeueable deps ti=<TaskInstance: python_operator_dag_v_6.get_name manual__2024-03-06T07:48:51.903732+00:00 [queued]>
[2024-03-06T12:48:55.150+0500] {taskinstance.py:1979} INFO - Dependencies all met for dep_context=requeueable deps ti=<TaskInstance: python_operator_dag_v_6.get_name manual__2024-03-06T07:48:51.903732+00:00 [queued]>
[2024-03-06T12:48:55.151+0500] {taskinstance.py:2193} INFO - Starting attempt 1 of 6
[2024-03-06T12:48:55.196+0500] {taskinstance.py:2214} INFO - Executing <Task(PythonOperator): get_name> on 2024-03-06 07:48:51.903732+00:00
[2024-03-06T12:48:55.199+0500] {standard_task_runner.py:60} INFO - Started process 1209 to run task
[2024-03-06T12:48:55.204+0500] {standard_task_runner.py:87} INFO - Running: ['airflow', 'tasks', 'run', 'python_operator_dag_v_6', 'get_name', 'manual__2024-03-06T07:48:51.903732+00:00', '--job-id', '19', '--raw', '--subdir', 'DAGS_FOLDER/python_operator_dag.py', '--cfg-path', '/tmp/tmpfk2q8e01']
[2024-03-06T12:48:55.206+0500] {standard_task_runner.py:88} INFO - Job 19: Subtask get_name
[2024-03-06T12:48:55.311+0500] {logging_mixin.py:188} INFO - Changing /mnt/c/airflow_tutorial/logs/dag_id=python_operator_dag_v_6/run_id=manual__2024-03-06T07:48:51.903732+00:00/task_id=get_name permission to 509
[2024-03-06T12:48:55.313+0500] {logging_mixin.py:188} INFO - Changing /mnt/c/airflow_tutorial/logs/dag_id=python_operator_dag_v_6/run_id=manual__2024-03-06T07:48:51.903732+00:00 permission to 509
[2024-03-06T12:48:55.315+0500] {logging_mixin.py:188} INFO - Changing /mnt/c/airflow_tutorial/logs/dag_id=python_operator_dag_v_6 permission to 509
[2024-03-06T12:48:55.316+0500] {logging_mixin.py:188} INFO - Changing /mnt/c/airflow_tutorial/logs permission to 509
[2024-03-06T12:48:55.319+0500] {logging_mixin.py:188} INFO - Changing /mnt/c/airflow_tutorial permission to 509
[2024-03-06T12:48:55.321+0500] {logging_mixin.py:188} INFO - Changing /mnt/c permission to 509
[2024-03-06T12:48:55.322+0500] {logging_mixin.py:188} INFO - Failed to change /mnt/c permission to 509: [Errno 13] Permission denied: '/mnt/c'
[2024-03-06T12:48:55.324+0500] {task_command.py:423} INFO - Running <TaskInstance: python_operator_dag_v_6.get_name manual__2024-03-06T07:48:51.903732+00:00 [running]> on host DESKTOP-QMFTH9M.
[2024-03-06T12:48:55.484+0500] {taskinstance.py:2510} INFO - Exporting env vars: AIRFLOW_CTX_DAG_OWNER='naeem' AIRFLOW_CTX_DAG_ID='python_operator_dag_v_6' AIRFLOW_CTX_TASK_ID='get_name' AIRFLOW_CTX_EXECUTION_DATE='2024-03-06T07:48:51.903732+00:00' AIRFLOW_CTX_TRY_NUMBER='1' AIRFLOW_CTX_DAG_RUN_ID='manual__2024-03-06T07:48:51.903732+00:00'
[2024-03-06T12:48:55.574+0500] {python.py:202} INFO - Done. Returned value was: None
[2024-03-06T12:48:55.592+0500] {taskinstance.py:1149} INFO - Marking task as SUCCESS. dag_id=python_operator_dag_v_6, task_id=get_name, execution_date=20240306T074851, start_date=20240306T074855, end_date=20240306T074855
[2024-03-06T12:48:55.658+0500] {local_task_job_runner.py:234} INFO - Task exited with return code 0
[2024-03-06T12:48:55.704+0500] {taskinstance.py:3309} INFO - 1 downstream tasks scheduled from follow-on schedule check
