[2024-03-06T11:20:01.318+0500] {logging_mixin.py:188} INFO - Changing /mnt/c/airflow_tutorial/logs/dag_id=hello_dag/run_id=manual__2024-03-06T06:01:56.214696+00:00/task_id=hello_world_task permission to 509
[2024-03-06T11:20:01.320+0500] {logging_mixin.py:188} INFO - Changing /mnt/c/airflow_tutorial/logs/dag_id=hello_dag/run_id=manual__2024-03-06T06:01:56.214696+00:00 permission to 509
[2024-03-06T11:20:01.322+0500] {logging_mixin.py:188} INFO - Changing /mnt/c/airflow_tutorial/logs/dag_id=hello_dag permission to 509
[2024-03-06T11:20:01.324+0500] {logging_mixin.py:188} INFO - Changing /mnt/c/airflow_tutorial/logs permission to 509
[2024-03-06T11:20:01.326+0500] {logging_mixin.py:188} INFO - Changing /mnt/c/airflow_tutorial permission to 509
[2024-03-06T11:20:01.327+0500] {logging_mixin.py:188} INFO - Changing /mnt/c permission to 509
[2024-03-06T11:20:01.328+0500] {logging_mixin.py:188} INFO - Failed to change /mnt/c permission to 509: [Errno 13] Permission denied: '/mnt/c'
[2024-03-06T11:20:01.388+0500] {logging_mixin.py:188} INFO - Changing /mnt/c/airflow_tutorial/logs/dag_id=hello_dag/run_id=manual__2024-03-06T06:01:56.214696+00:00/task_id=hello_world_task permission to 509
[2024-03-06T11:20:01.390+0500] {logging_mixin.py:188} INFO - Changing /mnt/c/airflow_tutorial/logs/dag_id=hello_dag/run_id=manual__2024-03-06T06:01:56.214696+00:00 permission to 509
[2024-03-06T11:20:01.391+0500] {logging_mixin.py:188} INFO - Changing /mnt/c/airflow_tutorial/logs/dag_id=hello_dag permission to 509
[2024-03-06T11:20:01.392+0500] {logging_mixin.py:188} INFO - Changing /mnt/c/airflow_tutorial/logs permission to 509
[2024-03-06T11:20:01.394+0500] {logging_mixin.py:188} INFO - Changing /mnt/c/airflow_tutorial permission to 509
[2024-03-06T11:20:01.395+0500] {logging_mixin.py:188} INFO - Changing /mnt/c permission to 509
[2024-03-06T11:20:01.396+0500] {logging_mixin.py:188} INFO - Failed to change /mnt/c permission to 509: [Errno 13] Permission denied: '/mnt/c'
[2024-03-06T11:20:01.430+0500] {taskinstance.py:1979} INFO - Dependencies all met for dep_context=non-requeueable deps ti=<TaskInstance: hello_dag.hello_world_task manual__2024-03-06T06:01:56.214696+00:00 [queued]>
[2024-03-06T11:20:01.447+0500] {taskinstance.py:1979} INFO - Dependencies all met for dep_context=requeueable deps ti=<TaskInstance: hello_dag.hello_world_task manual__2024-03-06T06:01:56.214696+00:00 [queued]>
[2024-03-06T11:20:01.448+0500] {taskinstance.py:2193} INFO - Starting attempt 1 of 1
[2024-03-06T11:20:01.491+0500] {taskinstance.py:2214} INFO - Executing <Task(BashOperator): hello_world_task> on 2024-03-06 06:01:56.214696+00:00
[2024-03-06T11:20:01.494+0500] {standard_task_runner.py:60} INFO - Started process 4175 to run task
[2024-03-06T11:20:01.497+0500] {standard_task_runner.py:87} INFO - Running: ['airflow', 'tasks', 'run', 'hello_dag', 'hello_world_task', 'manual__2024-03-06T06:01:56.214696+00:00', '--job-id', '3', '--raw', '--subdir', 'DAGS_FOLDER/hello_dag.py', '--cfg-path', '/tmp/tmpsxr_b8bl']
[2024-03-06T11:20:01.498+0500] {standard_task_runner.py:88} INFO - Job 3: Subtask hello_world_task
[2024-03-06T11:20:01.587+0500] {logging_mixin.py:188} INFO - Changing /mnt/c/airflow_tutorial/logs/dag_id=hello_dag/run_id=manual__2024-03-06T06:01:56.214696+00:00/task_id=hello_world_task permission to 509
[2024-03-06T11:20:01.589+0500] {logging_mixin.py:188} INFO - Changing /mnt/c/airflow_tutorial/logs/dag_id=hello_dag/run_id=manual__2024-03-06T06:01:56.214696+00:00 permission to 509
[2024-03-06T11:20:01.590+0500] {logging_mixin.py:188} INFO - Changing /mnt/c/airflow_tutorial/logs/dag_id=hello_dag permission to 509
[2024-03-06T11:20:01.591+0500] {logging_mixin.py:188} INFO - Changing /mnt/c/airflow_tutorial/logs permission to 509
[2024-03-06T11:20:01.593+0500] {logging_mixin.py:188} INFO - Changing /mnt/c/airflow_tutorial permission to 509
[2024-03-06T11:20:01.594+0500] {logging_mixin.py:188} INFO - Changing /mnt/c permission to 509
[2024-03-06T11:20:01.595+0500] {logging_mixin.py:188} INFO - Failed to change /mnt/c permission to 509: [Errno 13] Permission denied: '/mnt/c'
[2024-03-06T11:20:01.597+0500] {task_command.py:423} INFO - Running <TaskInstance: hello_dag.hello_world_task manual__2024-03-06T06:01:56.214696+00:00 [running]> on host DESKTOP-QMFTH9M.
[2024-03-06T11:20:01.721+0500] {taskinstance.py:2510} INFO - Exporting env vars: AIRFLOW_CTX_DAG_OWNER='airflow' AIRFLOW_CTX_DAG_ID='hello_dag' AIRFLOW_CTX_TASK_ID='hello_world_task' AIRFLOW_CTX_EXECUTION_DATE='2024-03-06T06:01:56.214696+00:00' AIRFLOW_CTX_TRY_NUMBER='1' AIRFLOW_CTX_DAG_RUN_ID='manual__2024-03-06T06:01:56.214696+00:00'
[2024-03-06T11:20:01.723+0500] {subprocess.py:63} INFO - Tmp dir root location: /tmp
[2024-03-06T11:20:01.725+0500] {subprocess.py:75} INFO - Running command: ['/usr/bin/bash', '-c', 'python -c "print(\'Hello, world!\')"']
[2024-03-06T11:20:01.730+0500] {subprocess.py:86} INFO - Output:
[2024-03-06T11:20:01.846+0500] {subprocess.py:93} INFO - Hello, world!
[2024-03-06T11:20:01.848+0500] {subprocess.py:97} INFO - Command exited with return code 0
[2024-03-06T11:20:01.901+0500] {taskinstance.py:1149} INFO - Marking task as SUCCESS. dag_id=hello_dag, task_id=hello_world_task, execution_date=20240306T060156, start_date=20240306T062001, end_date=20240306T062001
[2024-03-06T11:20:01.951+0500] {local_task_job_runner.py:234} INFO - Task exited with return code 0
[2024-03-06T11:20:01.979+0500] {taskinstance.py:3309} INFO - 0 downstream tasks scheduled from follow-on schedule check
