[2024-03-06T12:30:31.027+0500] {logging_mixin.py:188} INFO - Changing /mnt/c/airflow_tutorial/logs/dag_id=python_operator_dag_v_3/run_id=manual__2024-03-06T07:30:27.042261+00:00/task_id=first_task permission to 509
[2024-03-06T12:30:31.029+0500] {logging_mixin.py:188} INFO - Changing /mnt/c/airflow_tutorial/logs/dag_id=python_operator_dag_v_3/run_id=manual__2024-03-06T07:30:27.042261+00:00 permission to 509
[2024-03-06T12:30:31.030+0500] {logging_mixin.py:188} INFO - Changing /mnt/c/airflow_tutorial/logs/dag_id=python_operator_dag_v_3 permission to 509
[2024-03-06T12:30:31.032+0500] {logging_mixin.py:188} INFO - Changing /mnt/c/airflow_tutorial/logs permission to 509
[2024-03-06T12:30:31.033+0500] {logging_mixin.py:188} INFO - Changing /mnt/c/airflow_tutorial permission to 509
[2024-03-06T12:30:31.035+0500] {logging_mixin.py:188} INFO - Changing /mnt/c permission to 509
[2024-03-06T12:30:31.036+0500] {logging_mixin.py:188} INFO - Failed to change /mnt/c permission to 509: [Errno 13] Permission denied: '/mnt/c'
[2024-03-06T12:30:31.106+0500] {logging_mixin.py:188} INFO - Changing /mnt/c/airflow_tutorial/logs/dag_id=python_operator_dag_v_3/run_id=manual__2024-03-06T07:30:27.042261+00:00/task_id=first_task permission to 509
[2024-03-06T12:30:31.108+0500] {logging_mixin.py:188} INFO - Changing /mnt/c/airflow_tutorial/logs/dag_id=python_operator_dag_v_3/run_id=manual__2024-03-06T07:30:27.042261+00:00 permission to 509
[2024-03-06T12:30:31.110+0500] {logging_mixin.py:188} INFO - Changing /mnt/c/airflow_tutorial/logs/dag_id=python_operator_dag_v_3 permission to 509
[2024-03-06T12:30:31.111+0500] {logging_mixin.py:188} INFO - Changing /mnt/c/airflow_tutorial/logs permission to 509
[2024-03-06T12:30:31.113+0500] {logging_mixin.py:188} INFO - Changing /mnt/c/airflow_tutorial permission to 509
[2024-03-06T12:30:31.114+0500] {logging_mixin.py:188} INFO - Changing /mnt/c permission to 509
[2024-03-06T12:30:31.115+0500] {logging_mixin.py:188} INFO - Failed to change /mnt/c permission to 509: [Errno 13] Permission denied: '/mnt/c'
[2024-03-06T12:30:31.157+0500] {taskinstance.py:1979} INFO - Dependencies all met for dep_context=non-requeueable deps ti=<TaskInstance: python_operator_dag_v_3.first_task manual__2024-03-06T07:30:27.042261+00:00 [queued]>
[2024-03-06T12:30:31.178+0500] {taskinstance.py:1979} INFO - Dependencies all met for dep_context=requeueable deps ti=<TaskInstance: python_operator_dag_v_3.first_task manual__2024-03-06T07:30:27.042261+00:00 [queued]>
[2024-03-06T12:30:31.178+0500] {taskinstance.py:2193} INFO - Starting attempt 1 of 6
[2024-03-06T12:30:31.230+0500] {taskinstance.py:2214} INFO - Executing <Task(PythonOperator): first_task> on 2024-03-06 07:30:27.042261+00:00
[2024-03-06T12:30:31.232+0500] {standard_task_runner.py:60} INFO - Started process 998 to run task
[2024-03-06T12:30:31.236+0500] {standard_task_runner.py:87} INFO - Running: ['airflow', 'tasks', 'run', 'python_operator_dag_v_3', 'first_task', 'manual__2024-03-06T07:30:27.042261+00:00', '--job-id', '14', '--raw', '--subdir', 'DAGS_FOLDER/python_operator_dag.py', '--cfg-path', '/tmp/tmpwiz5n5c4']
[2024-03-06T12:30:31.239+0500] {standard_task_runner.py:88} INFO - Job 14: Subtask first_task
[2024-03-06T12:30:31.357+0500] {logging_mixin.py:188} INFO - Changing /mnt/c/airflow_tutorial/logs/dag_id=python_operator_dag_v_3/run_id=manual__2024-03-06T07:30:27.042261+00:00/task_id=first_task permission to 509
[2024-03-06T12:30:31.358+0500] {logging_mixin.py:188} INFO - Changing /mnt/c/airflow_tutorial/logs/dag_id=python_operator_dag_v_3/run_id=manual__2024-03-06T07:30:27.042261+00:00 permission to 509
[2024-03-06T12:30:31.360+0500] {logging_mixin.py:188} INFO - Changing /mnt/c/airflow_tutorial/logs/dag_id=python_operator_dag_v_3 permission to 509
[2024-03-06T12:30:31.362+0500] {logging_mixin.py:188} INFO - Changing /mnt/c/airflow_tutorial/logs permission to 509
[2024-03-06T12:30:31.363+0500] {logging_mixin.py:188} INFO - Changing /mnt/c/airflow_tutorial permission to 509
[2024-03-06T12:30:31.365+0500] {logging_mixin.py:188} INFO - Changing /mnt/c permission to 509
[2024-03-06T12:30:31.366+0500] {logging_mixin.py:188} INFO - Failed to change /mnt/c permission to 509: [Errno 13] Permission denied: '/mnt/c'
[2024-03-06T12:30:31.368+0500] {task_command.py:423} INFO - Running <TaskInstance: python_operator_dag_v_3.first_task manual__2024-03-06T07:30:27.042261+00:00 [running]> on host DESKTOP-QMFTH9M.
[2024-03-06T12:30:31.535+0500] {taskinstance.py:2510} INFO - Exporting env vars: AIRFLOW_CTX_DAG_OWNER='naeem' AIRFLOW_CTX_DAG_ID='python_operator_dag_v_3' AIRFLOW_CTX_TASK_ID='first_task' AIRFLOW_CTX_EXECUTION_DATE='2024-03-06T07:30:27.042261+00:00' AIRFLOW_CTX_TRY_NUMBER='1' AIRFLOW_CTX_DAG_RUN_ID='manual__2024-03-06T07:30:27.042261+00:00'
[2024-03-06T12:30:31.537+0500] {logging_mixin.py:188} INFO - Hi, My name is Muhammad Naeem, and I am 25 years old...
[2024-03-06T12:30:31.538+0500] {python.py:202} INFO - Done. Returned value was: None
[2024-03-06T12:30:31.554+0500] {taskinstance.py:1149} INFO - Marking task as SUCCESS. dag_id=python_operator_dag_v_3, task_id=first_task, execution_date=20240306T073027, start_date=20240306T073031, end_date=20240306T073031
[2024-03-06T12:30:31.610+0500] {local_task_job_runner.py:234} INFO - Task exited with return code 0
[2024-03-06T12:30:31.636+0500] {taskinstance.py:3309} INFO - 0 downstream tasks scheduled from follow-on schedule check
