[2024-03-06T12:38:40.468+0500] {logging_mixin.py:188} INFO - Changing /mnt/c/airflow_tutorial/logs/dag_id=python_operator_dag_v_4/run_id=manual__2024-03-06T07:38:34.361317+00:00/task_id=greet permission to 509
[2024-03-06T12:38:40.470+0500] {logging_mixin.py:188} INFO - Changing /mnt/c/airflow_tutorial/logs/dag_id=python_operator_dag_v_4/run_id=manual__2024-03-06T07:38:34.361317+00:00 permission to 509
[2024-03-06T12:38:40.471+0500] {logging_mixin.py:188} INFO - Changing /mnt/c/airflow_tutorial/logs/dag_id=python_operator_dag_v_4 permission to 509
[2024-03-06T12:38:40.473+0500] {logging_mixin.py:188} INFO - Changing /mnt/c/airflow_tutorial/logs permission to 509
[2024-03-06T12:38:40.475+0500] {logging_mixin.py:188} INFO - Changing /mnt/c/airflow_tutorial permission to 509
[2024-03-06T12:38:40.476+0500] {logging_mixin.py:188} INFO - Changing /mnt/c permission to 509
[2024-03-06T12:38:40.477+0500] {logging_mixin.py:188} INFO - Failed to change /mnt/c permission to 509: [Errno 13] Permission denied: '/mnt/c'
[2024-03-06T12:38:40.533+0500] {logging_mixin.py:188} INFO - Changing /mnt/c/airflow_tutorial/logs/dag_id=python_operator_dag_v_4/run_id=manual__2024-03-06T07:38:34.361317+00:00/task_id=greet permission to 509
[2024-03-06T12:38:40.534+0500] {logging_mixin.py:188} INFO - Changing /mnt/c/airflow_tutorial/logs/dag_id=python_operator_dag_v_4/run_id=manual__2024-03-06T07:38:34.361317+00:00 permission to 509
[2024-03-06T12:38:40.536+0500] {logging_mixin.py:188} INFO - Changing /mnt/c/airflow_tutorial/logs/dag_id=python_operator_dag_v_4 permission to 509
[2024-03-06T12:38:40.537+0500] {logging_mixin.py:188} INFO - Changing /mnt/c/airflow_tutorial/logs permission to 509
[2024-03-06T12:38:40.538+0500] {logging_mixin.py:188} INFO - Changing /mnt/c/airflow_tutorial permission to 509
[2024-03-06T12:38:40.539+0500] {logging_mixin.py:188} INFO - Changing /mnt/c permission to 509
[2024-03-06T12:38:40.540+0500] {logging_mixin.py:188} INFO - Failed to change /mnt/c permission to 509: [Errno 13] Permission denied: '/mnt/c'
[2024-03-06T12:38:40.572+0500] {taskinstance.py:1979} INFO - Dependencies all met for dep_context=non-requeueable deps ti=<TaskInstance: python_operator_dag_v_4.greet manual__2024-03-06T07:38:34.361317+00:00 [queued]>
[2024-03-06T12:38:40.588+0500] {taskinstance.py:1979} INFO - Dependencies all met for dep_context=requeueable deps ti=<TaskInstance: python_operator_dag_v_4.greet manual__2024-03-06T07:38:34.361317+00:00 [queued]>
[2024-03-06T12:38:40.588+0500] {taskinstance.py:2193} INFO - Starting attempt 1 of 6
[2024-03-06T12:38:40.628+0500] {taskinstance.py:2214} INFO - Executing <Task(PythonOperator): greet> on 2024-03-06 07:38:34.361317+00:00
[2024-03-06T12:38:40.630+0500] {standard_task_runner.py:60} INFO - Started process 1077 to run task
[2024-03-06T12:38:40.633+0500] {standard_task_runner.py:87} INFO - Running: ['airflow', 'tasks', 'run', 'python_operator_dag_v_4', 'greet', 'manual__2024-03-06T07:38:34.361317+00:00', '--job-id', '16', '--raw', '--subdir', 'DAGS_FOLDER/python_operator_dag.py', '--cfg-path', '/tmp/tmpsznr8aty']
[2024-03-06T12:38:40.634+0500] {standard_task_runner.py:88} INFO - Job 16: Subtask greet
[2024-03-06T12:38:40.712+0500] {logging_mixin.py:188} INFO - Changing /mnt/c/airflow_tutorial/logs/dag_id=python_operator_dag_v_4/run_id=manual__2024-03-06T07:38:34.361317+00:00/task_id=greet permission to 509
[2024-03-06T12:38:40.715+0500] {logging_mixin.py:188} INFO - Changing /mnt/c/airflow_tutorial/logs/dag_id=python_operator_dag_v_4/run_id=manual__2024-03-06T07:38:34.361317+00:00 permission to 509
[2024-03-06T12:38:40.716+0500] {logging_mixin.py:188} INFO - Changing /mnt/c/airflow_tutorial/logs/dag_id=python_operator_dag_v_4 permission to 509
[2024-03-06T12:38:40.717+0500] {logging_mixin.py:188} INFO - Changing /mnt/c/airflow_tutorial/logs permission to 509
[2024-03-06T12:38:40.719+0500] {logging_mixin.py:188} INFO - Changing /mnt/c/airflow_tutorial permission to 509
[2024-03-06T12:38:40.720+0500] {logging_mixin.py:188} INFO - Changing /mnt/c permission to 509
[2024-03-06T12:38:40.721+0500] {logging_mixin.py:188} INFO - Failed to change /mnt/c permission to 509: [Errno 13] Permission denied: '/mnt/c'
[2024-03-06T12:38:40.722+0500] {task_command.py:423} INFO - Running <TaskInstance: python_operator_dag_v_4.greet manual__2024-03-06T07:38:34.361317+00:00 [running]> on host DESKTOP-QMFTH9M.
[2024-03-06T12:38:40.860+0500] {taskinstance.py:2510} INFO - Exporting env vars: AIRFLOW_CTX_DAG_OWNER='naeem' AIRFLOW_CTX_DAG_ID='python_operator_dag_v_4' AIRFLOW_CTX_TASK_ID='greet' AIRFLOW_CTX_EXECUTION_DATE='2024-03-06T07:38:34.361317+00:00' AIRFLOW_CTX_TRY_NUMBER='1' AIRFLOW_CTX_DAG_RUN_ID='manual__2024-03-06T07:38:34.361317+00:00'
[2024-03-06T12:38:40.874+0500] {logging_mixin.py:188} INFO - Hi, My name is Muhammad Naeem, and I am 25 years old...
[2024-03-06T12:38:40.875+0500] {python.py:202} INFO - Done. Returned value was: None
[2024-03-06T12:38:40.888+0500] {taskinstance.py:1149} INFO - Marking task as SUCCESS. dag_id=python_operator_dag_v_4, task_id=greet, execution_date=20240306T073834, start_date=20240306T073840, end_date=20240306T073840
[2024-03-06T12:38:40.926+0500] {local_task_job_runner.py:234} INFO - Task exited with return code 0
[2024-03-06T12:38:40.955+0500] {taskinstance.py:3309} INFO - 0 downstream tasks scheduled from follow-on schedule check
