[2024-03-06T12:25:50.368+0500] {logging_mixin.py:188} INFO - Changing /mnt/c/airflow_tutorial/logs/dag_id=python_operator_dag_v_2/run_id=manual__2024-03-06T07:25:47.156048+00:00/task_id=first_task permission to 509
[2024-03-06T12:25:50.370+0500] {logging_mixin.py:188} INFO - Changing /mnt/c/airflow_tutorial/logs/dag_id=python_operator_dag_v_2/run_id=manual__2024-03-06T07:25:47.156048+00:00 permission to 509
[2024-03-06T12:25:50.372+0500] {logging_mixin.py:188} INFO - Changing /mnt/c/airflow_tutorial/logs/dag_id=python_operator_dag_v_2 permission to 509
[2024-03-06T12:25:50.373+0500] {logging_mixin.py:188} INFO - Changing /mnt/c/airflow_tutorial/logs permission to 509
[2024-03-06T12:25:50.375+0500] {logging_mixin.py:188} INFO - Changing /mnt/c/airflow_tutorial permission to 509
[2024-03-06T12:25:50.377+0500] {logging_mixin.py:188} INFO - Changing /mnt/c permission to 509
[2024-03-06T12:25:50.378+0500] {logging_mixin.py:188} INFO - Failed to change /mnt/c permission to 509: [Errno 13] Permission denied: '/mnt/c'
[2024-03-06T12:25:50.440+0500] {logging_mixin.py:188} INFO - Changing /mnt/c/airflow_tutorial/logs/dag_id=python_operator_dag_v_2/run_id=manual__2024-03-06T07:25:47.156048+00:00/task_id=first_task permission to 509
[2024-03-06T12:25:50.442+0500] {logging_mixin.py:188} INFO - Changing /mnt/c/airflow_tutorial/logs/dag_id=python_operator_dag_v_2/run_id=manual__2024-03-06T07:25:47.156048+00:00 permission to 509
[2024-03-06T12:25:50.443+0500] {logging_mixin.py:188} INFO - Changing /mnt/c/airflow_tutorial/logs/dag_id=python_operator_dag_v_2 permission to 509
[2024-03-06T12:25:50.445+0500] {logging_mixin.py:188} INFO - Changing /mnt/c/airflow_tutorial/logs permission to 509
[2024-03-06T12:25:50.447+0500] {logging_mixin.py:188} INFO - Changing /mnt/c/airflow_tutorial permission to 509
[2024-03-06T12:25:50.449+0500] {logging_mixin.py:188} INFO - Changing /mnt/c permission to 509
[2024-03-06T12:25:50.450+0500] {logging_mixin.py:188} INFO - Failed to change /mnt/c permission to 509: [Errno 13] Permission denied: '/mnt/c'
[2024-03-06T12:25:50.487+0500] {taskinstance.py:1979} INFO - Dependencies all met for dep_context=non-requeueable deps ti=<TaskInstance: python_operator_dag_v_2.first_task manual__2024-03-06T07:25:47.156048+00:00 [queued]>
[2024-03-06T12:25:50.507+0500] {taskinstance.py:1979} INFO - Dependencies all met for dep_context=requeueable deps ti=<TaskInstance: python_operator_dag_v_2.first_task manual__2024-03-06T07:25:47.156048+00:00 [queued]>
[2024-03-06T12:25:50.507+0500] {taskinstance.py:2193} INFO - Starting attempt 1 of 6
[2024-03-06T12:25:50.552+0500] {taskinstance.py:2214} INFO - Executing <Task(PythonOperator): first_task> on 2024-03-06 07:25:47.156048+00:00
[2024-03-06T12:25:50.554+0500] {standard_task_runner.py:60} INFO - Started process 941 to run task
[2024-03-06T12:25:50.558+0500] {standard_task_runner.py:87} INFO - Running: ['airflow', 'tasks', 'run', 'python_operator_dag_v_2', 'first_task', 'manual__2024-03-06T07:25:47.156048+00:00', '--job-id', '13', '--raw', '--subdir', 'DAGS_FOLDER/python_operator_dag.py', '--cfg-path', '/tmp/tmpzt9xnam0']
[2024-03-06T12:25:50.560+0500] {standard_task_runner.py:88} INFO - Job 13: Subtask first_task
[2024-03-06T12:25:50.666+0500] {logging_mixin.py:188} INFO - Changing /mnt/c/airflow_tutorial/logs/dag_id=python_operator_dag_v_2/run_id=manual__2024-03-06T07:25:47.156048+00:00/task_id=first_task permission to 509
[2024-03-06T12:25:50.668+0500] {logging_mixin.py:188} INFO - Changing /mnt/c/airflow_tutorial/logs/dag_id=python_operator_dag_v_2/run_id=manual__2024-03-06T07:25:47.156048+00:00 permission to 509
[2024-03-06T12:25:50.670+0500] {logging_mixin.py:188} INFO - Changing /mnt/c/airflow_tutorial/logs/dag_id=python_operator_dag_v_2 permission to 509
[2024-03-06T12:25:50.671+0500] {logging_mixin.py:188} INFO - Changing /mnt/c/airflow_tutorial/logs permission to 509
[2024-03-06T12:25:50.673+0500] {logging_mixin.py:188} INFO - Changing /mnt/c/airflow_tutorial permission to 509
[2024-03-06T12:25:50.675+0500] {logging_mixin.py:188} INFO - Changing /mnt/c permission to 509
[2024-03-06T12:25:50.676+0500] {logging_mixin.py:188} INFO - Failed to change /mnt/c permission to 509: [Errno 13] Permission denied: '/mnt/c'
[2024-03-06T12:25:50.678+0500] {task_command.py:423} INFO - Running <TaskInstance: python_operator_dag_v_2.first_task manual__2024-03-06T07:25:47.156048+00:00 [running]> on host DESKTOP-QMFTH9M.
[2024-03-06T12:25:50.853+0500] {taskinstance.py:2510} INFO - Exporting env vars: AIRFLOW_CTX_DAG_OWNER='naeem' AIRFLOW_CTX_DAG_ID='python_operator_dag_v_2' AIRFLOW_CTX_TASK_ID='first_task' AIRFLOW_CTX_EXECUTION_DATE='2024-03-06T07:25:47.156048+00:00' AIRFLOW_CTX_TRY_NUMBER='1' AIRFLOW_CTX_DAG_RUN_ID='manual__2024-03-06T07:25:47.156048+00:00'
[2024-03-06T12:25:50.855+0500] {logging_mixin.py:188} INFO - hello python operator
[2024-03-06T12:25:50.855+0500] {python.py:202} INFO - Done. Returned value was: None
[2024-03-06T12:25:50.871+0500] {taskinstance.py:1149} INFO - Marking task as SUCCESS. dag_id=python_operator_dag_v_2, task_id=first_task, execution_date=20240306T072547, start_date=20240306T072550, end_date=20240306T072550
[2024-03-06T12:25:50.932+0500] {local_task_job_runner.py:234} INFO - Task exited with return code 0
[2024-03-06T12:25:50.966+0500] {taskinstance.py:3309} INFO - 0 downstream tasks scheduled from follow-on schedule check
