[2024-03-06T13:11:06.325+0500] {logging_mixin.py:188} INFO - Changing /mnt/c/airflow_tutorial/logs/dag_id=task_flow_api_dag_v1/run_id=manual__2024-03-06T08:11:02.828313+00:00/task_id=get_name permission to 509
[2024-03-06T13:11:06.327+0500] {logging_mixin.py:188} INFO - Changing /mnt/c/airflow_tutorial/logs/dag_id=task_flow_api_dag_v1/run_id=manual__2024-03-06T08:11:02.828313+00:00 permission to 509
[2024-03-06T13:11:06.328+0500] {logging_mixin.py:188} INFO - Changing /mnt/c/airflow_tutorial/logs/dag_id=task_flow_api_dag_v1 permission to 509
[2024-03-06T13:11:06.330+0500] {logging_mixin.py:188} INFO - Changing /mnt/c/airflow_tutorial/logs permission to 509
[2024-03-06T13:11:06.332+0500] {logging_mixin.py:188} INFO - Changing /mnt/c/airflow_tutorial permission to 509
[2024-03-06T13:11:06.333+0500] {logging_mixin.py:188} INFO - Changing /mnt/c permission to 509
[2024-03-06T13:11:06.334+0500] {logging_mixin.py:188} INFO - Failed to change /mnt/c permission to 509: [Errno 13] Permission denied: '/mnt/c'
[2024-03-06T13:11:06.392+0500] {logging_mixin.py:188} INFO - Changing /mnt/c/airflow_tutorial/logs/dag_id=task_flow_api_dag_v1/run_id=manual__2024-03-06T08:11:02.828313+00:00/task_id=get_name permission to 509
[2024-03-06T13:11:06.394+0500] {logging_mixin.py:188} INFO - Changing /mnt/c/airflow_tutorial/logs/dag_id=task_flow_api_dag_v1/run_id=manual__2024-03-06T08:11:02.828313+00:00 permission to 509
[2024-03-06T13:11:06.395+0500] {logging_mixin.py:188} INFO - Changing /mnt/c/airflow_tutorial/logs/dag_id=task_flow_api_dag_v1 permission to 509
[2024-03-06T13:11:06.397+0500] {logging_mixin.py:188} INFO - Changing /mnt/c/airflow_tutorial/logs permission to 509
[2024-03-06T13:11:06.398+0500] {logging_mixin.py:188} INFO - Changing /mnt/c/airflow_tutorial permission to 509
[2024-03-06T13:11:06.399+0500] {logging_mixin.py:188} INFO - Changing /mnt/c permission to 509
[2024-03-06T13:11:06.400+0500] {logging_mixin.py:188} INFO - Failed to change /mnt/c permission to 509: [Errno 13] Permission denied: '/mnt/c'
[2024-03-06T13:11:06.433+0500] {taskinstance.py:1979} INFO - Dependencies all met for dep_context=non-requeueable deps ti=<TaskInstance: task_flow_api_dag_v1.get_name manual__2024-03-06T08:11:02.828313+00:00 [queued]>
[2024-03-06T13:11:06.449+0500] {taskinstance.py:1979} INFO - Dependencies all met for dep_context=requeueable deps ti=<TaskInstance: task_flow_api_dag_v1.get_name manual__2024-03-06T08:11:02.828313+00:00 [queued]>
[2024-03-06T13:11:06.450+0500] {taskinstance.py:2193} INFO - Starting attempt 1 of 6
[2024-03-06T13:11:06.493+0500] {taskinstance.py:2214} INFO - Executing <Task(_PythonDecoratedOperator): get_name> on 2024-03-06 08:11:02.828313+00:00
[2024-03-06T13:11:06.496+0500] {standard_task_runner.py:60} INFO - Started process 1466 to run task
[2024-03-06T13:11:06.499+0500] {standard_task_runner.py:87} INFO - Running: ['airflow', 'tasks', 'run', 'task_flow_api_dag_v1', 'get_name', 'manual__2024-03-06T08:11:02.828313+00:00', '--job-id', '24', '--raw', '--subdir', 'DAGS_FOLDER/task_flow_api_dag.py', '--cfg-path', '/tmp/tmph3aqrwxt']
[2024-03-06T13:11:06.501+0500] {standard_task_runner.py:88} INFO - Job 24: Subtask get_name
[2024-03-06T13:11:06.592+0500] {logging_mixin.py:188} INFO - Changing /mnt/c/airflow_tutorial/logs/dag_id=task_flow_api_dag_v1/run_id=manual__2024-03-06T08:11:02.828313+00:00/task_id=get_name permission to 509
[2024-03-06T13:11:06.594+0500] {logging_mixin.py:188} INFO - Changing /mnt/c/airflow_tutorial/logs/dag_id=task_flow_api_dag_v1/run_id=manual__2024-03-06T08:11:02.828313+00:00 permission to 509
[2024-03-06T13:11:06.596+0500] {logging_mixin.py:188} INFO - Changing /mnt/c/airflow_tutorial/logs/dag_id=task_flow_api_dag_v1 permission to 509
[2024-03-06T13:11:06.597+0500] {logging_mixin.py:188} INFO - Changing /mnt/c/airflow_tutorial/logs permission to 509
[2024-03-06T13:11:06.599+0500] {logging_mixin.py:188} INFO - Changing /mnt/c/airflow_tutorial permission to 509
[2024-03-06T13:11:06.600+0500] {logging_mixin.py:188} INFO - Changing /mnt/c permission to 509
[2024-03-06T13:11:06.601+0500] {logging_mixin.py:188} INFO - Failed to change /mnt/c permission to 509: [Errno 13] Permission denied: '/mnt/c'
[2024-03-06T13:11:06.603+0500] {task_command.py:423} INFO - Running <TaskInstance: task_flow_api_dag_v1.get_name manual__2024-03-06T08:11:02.828313+00:00 [running]> on host DESKTOP-QMFTH9M.
[2024-03-06T13:11:06.740+0500] {taskinstance.py:2510} INFO - Exporting env vars: AIRFLOW_CTX_DAG_OWNER='naeem' AIRFLOW_CTX_DAG_ID='task_flow_api_dag_v1' AIRFLOW_CTX_TASK_ID='get_name' AIRFLOW_CTX_EXECUTION_DATE='2024-03-06T08:11:02.828313+00:00' AIRFLOW_CTX_TRY_NUMBER='1' AIRFLOW_CTX_DAG_RUN_ID='manual__2024-03-06T08:11:02.828313+00:00'
[2024-03-06T13:11:06.741+0500] {python.py:202} INFO - Done. Returned value was: Muhammad Naeem
[2024-03-06T13:11:06.788+0500] {taskinstance.py:1149} INFO - Marking task as SUCCESS. dag_id=task_flow_api_dag_v1, task_id=get_name, execution_date=20240306T081102, start_date=20240306T081106, end_date=20240306T081106
[2024-03-06T13:11:06.833+0500] {local_task_job_runner.py:234} INFO - Task exited with return code 0
[2024-03-06T13:11:06.867+0500] {taskinstance.py:3309} INFO - 0 downstream tasks scheduled from follow-on schedule check
