[2024-03-06T11:19:58.971+0500] {logging_mixin.py:188} INFO - Changing /mnt/c/airflow_tutorial/logs/dag_id=my_first_dag_v_3/run_id=manual__2024-03-06T05:56:26.871390+00:00/task_id=first_task permission to 509
[2024-03-06T11:19:58.973+0500] {logging_mixin.py:188} INFO - Changing /mnt/c/airflow_tutorial/logs/dag_id=my_first_dag_v_3/run_id=manual__2024-03-06T05:56:26.871390+00:00 permission to 509
[2024-03-06T11:19:58.975+0500] {logging_mixin.py:188} INFO - Changing /mnt/c/airflow_tutorial/logs/dag_id=my_first_dag_v_3 permission to 509
[2024-03-06T11:19:58.976+0500] {logging_mixin.py:188} INFO - Changing /mnt/c/airflow_tutorial/logs permission to 509
[2024-03-06T11:19:58.978+0500] {logging_mixin.py:188} INFO - Changing /mnt/c/airflow_tutorial permission to 509
[2024-03-06T11:19:58.980+0500] {logging_mixin.py:188} INFO - Changing /mnt/c permission to 509
[2024-03-06T11:19:58.981+0500] {logging_mixin.py:188} INFO - Failed to change /mnt/c permission to 509: [Errno 13] Permission denied: '/mnt/c'
[2024-03-06T11:19:59.047+0500] {logging_mixin.py:188} INFO - Changing /mnt/c/airflow_tutorial/logs/dag_id=my_first_dag_v_3/run_id=manual__2024-03-06T05:56:26.871390+00:00/task_id=first_task permission to 509
[2024-03-06T11:19:59.049+0500] {logging_mixin.py:188} INFO - Changing /mnt/c/airflow_tutorial/logs/dag_id=my_first_dag_v_3/run_id=manual__2024-03-06T05:56:26.871390+00:00 permission to 509
[2024-03-06T11:19:59.050+0500] {logging_mixin.py:188} INFO - Changing /mnt/c/airflow_tutorial/logs/dag_id=my_first_dag_v_3 permission to 509
[2024-03-06T11:19:59.052+0500] {logging_mixin.py:188} INFO - Changing /mnt/c/airflow_tutorial/logs permission to 509
[2024-03-06T11:19:59.053+0500] {logging_mixin.py:188} INFO - Changing /mnt/c/airflow_tutorial permission to 509
[2024-03-06T11:19:59.055+0500] {logging_mixin.py:188} INFO - Changing /mnt/c permission to 509
[2024-03-06T11:19:59.055+0500] {logging_mixin.py:188} INFO - Failed to change /mnt/c permission to 509: [Errno 13] Permission denied: '/mnt/c'
[2024-03-06T11:19:59.090+0500] {taskinstance.py:1979} INFO - Dependencies all met for dep_context=non-requeueable deps ti=<TaskInstance: my_first_dag_v_3.first_task manual__2024-03-06T05:56:26.871390+00:00 [queued]>
[2024-03-06T11:19:59.108+0500] {taskinstance.py:1979} INFO - Dependencies all met for dep_context=requeueable deps ti=<TaskInstance: my_first_dag_v_3.first_task manual__2024-03-06T05:56:26.871390+00:00 [queued]>
[2024-03-06T11:19:59.109+0500] {taskinstance.py:2193} INFO - Starting attempt 1 of 6
[2024-03-06T11:19:59.146+0500] {taskinstance.py:2214} INFO - Executing <Task(BashOperator): first_task> on 2024-03-06 05:56:26.871390+00:00
[2024-03-06T11:19:59.149+0500] {standard_task_runner.py:60} INFO - Started process 4172 to run task
[2024-03-06T11:19:59.153+0500] {standard_task_runner.py:87} INFO - Running: ['airflow', 'tasks', 'run', 'my_first_dag_v_3', 'first_task', 'manual__2024-03-06T05:56:26.871390+00:00', '--job-id', '2', '--raw', '--subdir', 'DAGS_FOLDER/my_first_dag.py', '--cfg-path', '/tmp/tmp6acy4jda']
[2024-03-06T11:19:59.157+0500] {standard_task_runner.py:88} INFO - Job 2: Subtask first_task
[2024-03-06T11:19:59.272+0500] {logging_mixin.py:188} INFO - Changing /mnt/c/airflow_tutorial/logs/dag_id=my_first_dag_v_3/run_id=manual__2024-03-06T05:56:26.871390+00:00/task_id=first_task permission to 509
[2024-03-06T11:19:59.273+0500] {logging_mixin.py:188} INFO - Changing /mnt/c/airflow_tutorial/logs/dag_id=my_first_dag_v_3/run_id=manual__2024-03-06T05:56:26.871390+00:00 permission to 509
[2024-03-06T11:19:59.275+0500] {logging_mixin.py:188} INFO - Changing /mnt/c/airflow_tutorial/logs/dag_id=my_first_dag_v_3 permission to 509
[2024-03-06T11:19:59.277+0500] {logging_mixin.py:188} INFO - Changing /mnt/c/airflow_tutorial/logs permission to 509
[2024-03-06T11:19:59.278+0500] {logging_mixin.py:188} INFO - Changing /mnt/c/airflow_tutorial permission to 509
[2024-03-06T11:19:59.280+0500] {logging_mixin.py:188} INFO - Changing /mnt/c permission to 509
[2024-03-06T11:19:59.281+0500] {logging_mixin.py:188} INFO - Failed to change /mnt/c permission to 509: [Errno 13] Permission denied: '/mnt/c'
[2024-03-06T11:19:59.283+0500] {task_command.py:423} INFO - Running <TaskInstance: my_first_dag_v_3.first_task manual__2024-03-06T05:56:26.871390+00:00 [running]> on host DESKTOP-QMFTH9M.
[2024-03-06T11:19:59.421+0500] {taskinstance.py:2510} INFO - Exporting env vars: AIRFLOW_CTX_DAG_OWNER='naeem' AIRFLOW_CTX_DAG_ID='my_first_dag_v_3' AIRFLOW_CTX_TASK_ID='first_task' AIRFLOW_CTX_EXECUTION_DATE='2024-03-06T05:56:26.871390+00:00' AIRFLOW_CTX_TRY_NUMBER='1' AIRFLOW_CTX_DAG_RUN_ID='manual__2024-03-06T05:56:26.871390+00:00'
[2024-03-06T11:19:59.425+0500] {subprocess.py:63} INFO - Tmp dir root location: /tmp
[2024-03-06T11:19:59.430+0500] {subprocess.py:75} INFO - Running command: ['/usr/bin/bash', '-c', 'echo Hello, first task!']
[2024-03-06T11:19:59.435+0500] {subprocess.py:86} INFO - Output:
[2024-03-06T11:19:59.437+0500] {subprocess.py:93} INFO - Hello, first task!
[2024-03-06T11:19:59.438+0500] {subprocess.py:97} INFO - Command exited with return code 0
[2024-03-06T11:19:59.494+0500] {taskinstance.py:1149} INFO - Marking task as SUCCESS. dag_id=my_first_dag_v_3, task_id=first_task, execution_date=20240306T055626, start_date=20240306T061959, end_date=20240306T061959
[2024-03-06T11:19:59.567+0500] {local_task_job_runner.py:234} INFO - Task exited with return code 0
[2024-03-06T11:19:59.607+0500] {taskinstance.py:3309} INFO - 0 downstream tasks scheduled from follow-on schedule check
