[2024-03-06T12:52:57.270+0500] {logging_mixin.py:188} INFO - Changing /mnt/c/airflow_tutorial/logs/dag_id=python_operator_dag_v_7/run_id=manual__2024-03-06T07:52:51.060467+00:00/task_id=get_name permission to 509
[2024-03-06T12:52:57.272+0500] {logging_mixin.py:188} INFO - Changing /mnt/c/airflow_tutorial/logs/dag_id=python_operator_dag_v_7/run_id=manual__2024-03-06T07:52:51.060467+00:00 permission to 509
[2024-03-06T12:52:57.274+0500] {logging_mixin.py:188} INFO - Changing /mnt/c/airflow_tutorial/logs/dag_id=python_operator_dag_v_7 permission to 509
[2024-03-06T12:52:57.276+0500] {logging_mixin.py:188} INFO - Changing /mnt/c/airflow_tutorial/logs permission to 509
[2024-03-06T12:52:57.277+0500] {logging_mixin.py:188} INFO - Changing /mnt/c/airflow_tutorial permission to 509
[2024-03-06T12:52:57.279+0500] {logging_mixin.py:188} INFO - Changing /mnt/c permission to 509
[2024-03-06T12:52:57.280+0500] {logging_mixin.py:188} INFO - Failed to change /mnt/c permission to 509: [Errno 13] Permission denied: '/mnt/c'
[2024-03-06T12:52:57.338+0500] {logging_mixin.py:188} INFO - Changing /mnt/c/airflow_tutorial/logs/dag_id=python_operator_dag_v_7/run_id=manual__2024-03-06T07:52:51.060467+00:00/task_id=get_name permission to 509
[2024-03-06T12:52:57.340+0500] {logging_mixin.py:188} INFO - Changing /mnt/c/airflow_tutorial/logs/dag_id=python_operator_dag_v_7/run_id=manual__2024-03-06T07:52:51.060467+00:00 permission to 509
[2024-03-06T12:52:57.342+0500] {logging_mixin.py:188} INFO - Changing /mnt/c/airflow_tutorial/logs/dag_id=python_operator_dag_v_7 permission to 509
[2024-03-06T12:52:57.343+0500] {logging_mixin.py:188} INFO - Changing /mnt/c/airflow_tutorial/logs permission to 509
[2024-03-06T12:52:57.345+0500] {logging_mixin.py:188} INFO - Changing /mnt/c/airflow_tutorial permission to 509
[2024-03-06T12:52:57.346+0500] {logging_mixin.py:188} INFO - Changing /mnt/c permission to 509
[2024-03-06T12:52:57.347+0500] {logging_mixin.py:188} INFO - Failed to change /mnt/c permission to 509: [Errno 13] Permission denied: '/mnt/c'
[2024-03-06T12:52:57.382+0500] {taskinstance.py:1979} INFO - Dependencies all met for dep_context=non-requeueable deps ti=<TaskInstance: python_operator_dag_v_7.get_name manual__2024-03-06T07:52:51.060467+00:00 [queued]>
[2024-03-06T12:52:57.399+0500] {taskinstance.py:1979} INFO - Dependencies all met for dep_context=requeueable deps ti=<TaskInstance: python_operator_dag_v_7.get_name manual__2024-03-06T07:52:51.060467+00:00 [queued]>
[2024-03-06T12:52:57.399+0500] {taskinstance.py:2193} INFO - Starting attempt 1 of 6
[2024-03-06T12:52:57.443+0500] {taskinstance.py:2214} INFO - Executing <Task(PythonOperator): get_name> on 2024-03-06 07:52:51.060467+00:00
[2024-03-06T12:52:57.446+0500] {standard_task_runner.py:60} INFO - Started process 1271 to run task
[2024-03-06T12:52:57.448+0500] {standard_task_runner.py:87} INFO - Running: ['airflow', 'tasks', 'run', 'python_operator_dag_v_7', 'get_name', 'manual__2024-03-06T07:52:51.060467+00:00', '--job-id', '22', '--raw', '--subdir', 'DAGS_FOLDER/python_operator_dag.py', '--cfg-path', '/tmp/tmps9uum4wj']
[2024-03-06T12:52:57.450+0500] {standard_task_runner.py:88} INFO - Job 22: Subtask get_name
[2024-03-06T12:52:57.534+0500] {logging_mixin.py:188} INFO - Changing /mnt/c/airflow_tutorial/logs/dag_id=python_operator_dag_v_7/run_id=manual__2024-03-06T07:52:51.060467+00:00/task_id=get_name permission to 509
[2024-03-06T12:52:57.535+0500] {logging_mixin.py:188} INFO - Changing /mnt/c/airflow_tutorial/logs/dag_id=python_operator_dag_v_7/run_id=manual__2024-03-06T07:52:51.060467+00:00 permission to 509
[2024-03-06T12:52:57.536+0500] {logging_mixin.py:188} INFO - Changing /mnt/c/airflow_tutorial/logs/dag_id=python_operator_dag_v_7 permission to 509
[2024-03-06T12:52:57.538+0500] {logging_mixin.py:188} INFO - Changing /mnt/c/airflow_tutorial/logs permission to 509
[2024-03-06T12:52:57.540+0500] {logging_mixin.py:188} INFO - Changing /mnt/c/airflow_tutorial permission to 509
[2024-03-06T12:52:57.542+0500] {logging_mixin.py:188} INFO - Changing /mnt/c permission to 509
[2024-03-06T12:52:57.542+0500] {logging_mixin.py:188} INFO - Failed to change /mnt/c permission to 509: [Errno 13] Permission denied: '/mnt/c'
[2024-03-06T12:52:57.544+0500] {task_command.py:423} INFO - Running <TaskInstance: python_operator_dag_v_7.get_name manual__2024-03-06T07:52:51.060467+00:00 [running]> on host DESKTOP-QMFTH9M.
[2024-03-06T12:52:57.680+0500] {taskinstance.py:2510} INFO - Exporting env vars: AIRFLOW_CTX_DAG_OWNER='naeem' AIRFLOW_CTX_DAG_ID='python_operator_dag_v_7' AIRFLOW_CTX_TASK_ID='get_name' AIRFLOW_CTX_EXECUTION_DATE='2024-03-06T07:52:51.060467+00:00' AIRFLOW_CTX_TRY_NUMBER='1' AIRFLOW_CTX_DAG_RUN_ID='manual__2024-03-06T07:52:51.060467+00:00'
[2024-03-06T12:52:57.773+0500] {python.py:202} INFO - Done. Returned value was: None
[2024-03-06T12:52:57.787+0500] {taskinstance.py:1149} INFO - Marking task as SUCCESS. dag_id=python_operator_dag_v_7, task_id=get_name, execution_date=20240306T075251, start_date=20240306T075257, end_date=20240306T075257
[2024-03-06T12:52:57.862+0500] {local_task_job_runner.py:234} INFO - Task exited with return code 0
[2024-03-06T12:52:57.926+0500] {taskinstance.py:3309} INFO - 1 downstream tasks scheduled from follow-on schedule check
