[2024-03-06T12:25:05.875+0500] {logging_mixin.py:188} INFO - Changing /mnt/c/airflow_tutorial/logs/dag_id=my_first_dag_v_2/run_id=manual__2024-03-06T07:09:10.753409+00:00/task_id=first_task permission to 509
[2024-03-06T12:25:05.876+0500] {logging_mixin.py:188} INFO - Changing /mnt/c/airflow_tutorial/logs/dag_id=my_first_dag_v_2/run_id=manual__2024-03-06T07:09:10.753409+00:00 permission to 509
[2024-03-06T12:25:05.878+0500] {logging_mixin.py:188} INFO - Changing /mnt/c/airflow_tutorial/logs/dag_id=my_first_dag_v_2 permission to 509
[2024-03-06T12:25:05.879+0500] {logging_mixin.py:188} INFO - Changing /mnt/c/airflow_tutorial/logs permission to 509
[2024-03-06T12:25:05.881+0500] {logging_mixin.py:188} INFO - Changing /mnt/c/airflow_tutorial permission to 509
[2024-03-06T12:25:05.882+0500] {logging_mixin.py:188} INFO - Changing /mnt/c permission to 509
[2024-03-06T12:25:05.883+0500] {logging_mixin.py:188} INFO - Failed to change /mnt/c permission to 509: [Errno 13] Permission denied: '/mnt/c'
[2024-03-06T12:25:05.939+0500] {logging_mixin.py:188} INFO - Changing /mnt/c/airflow_tutorial/logs/dag_id=my_first_dag_v_2/run_id=manual__2024-03-06T07:09:10.753409+00:00/task_id=first_task permission to 509
[2024-03-06T12:25:05.941+0500] {logging_mixin.py:188} INFO - Changing /mnt/c/airflow_tutorial/logs/dag_id=my_first_dag_v_2/run_id=manual__2024-03-06T07:09:10.753409+00:00 permission to 509
[2024-03-06T12:25:05.942+0500] {logging_mixin.py:188} INFO - Changing /mnt/c/airflow_tutorial/logs/dag_id=my_first_dag_v_2 permission to 509
[2024-03-06T12:25:05.944+0500] {logging_mixin.py:188} INFO - Changing /mnt/c/airflow_tutorial/logs permission to 509
[2024-03-06T12:25:05.945+0500] {logging_mixin.py:188} INFO - Changing /mnt/c/airflow_tutorial permission to 509
[2024-03-06T12:25:05.946+0500] {logging_mixin.py:188} INFO - Changing /mnt/c permission to 509
[2024-03-06T12:25:05.947+0500] {logging_mixin.py:188} INFO - Failed to change /mnt/c permission to 509: [Errno 13] Permission denied: '/mnt/c'
[2024-03-06T12:25:05.979+0500] {taskinstance.py:1979} INFO - Dependencies all met for dep_context=non-requeueable deps ti=<TaskInstance: my_first_dag_v_2.first_task manual__2024-03-06T07:09:10.753409+00:00 [queued]>
[2024-03-06T12:25:05.995+0500] {taskinstance.py:1979} INFO - Dependencies all met for dep_context=requeueable deps ti=<TaskInstance: my_first_dag_v_2.first_task manual__2024-03-06T07:09:10.753409+00:00 [queued]>
[2024-03-06T12:25:05.995+0500] {taskinstance.py:2193} INFO - Starting attempt 1 of 6
[2024-03-06T12:25:06.030+0500] {taskinstance.py:2214} INFO - Executing <Task(BashOperator): first_task> on 2024-03-06 07:09:10.753409+00:00
[2024-03-06T12:25:06.032+0500] {standard_task_runner.py:60} INFO - Started process 905 to run task
[2024-03-06T12:25:06.034+0500] {standard_task_runner.py:87} INFO - Running: ['airflow', 'tasks', 'run', 'my_first_dag_v_2', 'first_task', 'manual__2024-03-06T07:09:10.753409+00:00', '--job-id', '8', '--raw', '--subdir', 'DAGS_FOLDER/my_first_dag.py', '--cfg-path', '/tmp/tmpkte3acbq']
[2024-03-06T12:25:06.036+0500] {standard_task_runner.py:88} INFO - Job 8: Subtask first_task
[2024-03-06T12:25:06.117+0500] {logging_mixin.py:188} INFO - Changing /mnt/c/airflow_tutorial/logs/dag_id=my_first_dag_v_2/run_id=manual__2024-03-06T07:09:10.753409+00:00/task_id=first_task permission to 509
[2024-03-06T12:25:06.118+0500] {logging_mixin.py:188} INFO - Changing /mnt/c/airflow_tutorial/logs/dag_id=my_first_dag_v_2/run_id=manual__2024-03-06T07:09:10.753409+00:00 permission to 509
[2024-03-06T12:25:06.120+0500] {logging_mixin.py:188} INFO - Changing /mnt/c/airflow_tutorial/logs/dag_id=my_first_dag_v_2 permission to 509
[2024-03-06T12:25:06.121+0500] {logging_mixin.py:188} INFO - Changing /mnt/c/airflow_tutorial/logs permission to 509
[2024-03-06T12:25:06.122+0500] {logging_mixin.py:188} INFO - Changing /mnt/c/airflow_tutorial permission to 509
[2024-03-06T12:25:06.124+0500] {logging_mixin.py:188} INFO - Changing /mnt/c permission to 509
[2024-03-06T12:25:06.125+0500] {logging_mixin.py:188} INFO - Failed to change /mnt/c permission to 509: [Errno 13] Permission denied: '/mnt/c'
[2024-03-06T12:25:06.126+0500] {task_command.py:423} INFO - Running <TaskInstance: my_first_dag_v_2.first_task manual__2024-03-06T07:09:10.753409+00:00 [running]> on host DESKTOP-QMFTH9M.
[2024-03-06T12:25:06.259+0500] {taskinstance.py:2510} INFO - Exporting env vars: AIRFLOW_CTX_DAG_OWNER='naeem' AIRFLOW_CTX_DAG_ID='my_first_dag_v_2' AIRFLOW_CTX_TASK_ID='first_task' AIRFLOW_CTX_EXECUTION_DATE='2024-03-06T07:09:10.753409+00:00' AIRFLOW_CTX_TRY_NUMBER='1' AIRFLOW_CTX_DAG_RUN_ID='manual__2024-03-06T07:09:10.753409+00:00'
[2024-03-06T12:25:06.261+0500] {subprocess.py:63} INFO - Tmp dir root location: /tmp
[2024-03-06T12:25:06.262+0500] {subprocess.py:75} INFO - Running command: ['/usr/bin/bash', '-c', 'echo Hello, first task!']
[2024-03-06T12:25:06.266+0500] {subprocess.py:86} INFO - Output:
[2024-03-06T12:25:06.267+0500] {subprocess.py:93} INFO - Hello, first task!
[2024-03-06T12:25:06.268+0500] {subprocess.py:97} INFO - Command exited with return code 0
[2024-03-06T12:25:06.315+0500] {taskinstance.py:1149} INFO - Marking task as SUCCESS. dag_id=my_first_dag_v_2, task_id=first_task, execution_date=20240306T070910, start_date=20240306T072505, end_date=20240306T072506
[2024-03-06T12:25:06.368+0500] {local_task_job_runner.py:234} INFO - Task exited with return code 0
[2024-03-06T12:25:06.413+0500] {taskinstance.py:3309} INFO - 2 downstream tasks scheduled from follow-on schedule check
