[2024-03-06T12:39:41.046+0500] {logging_mixin.py:188} INFO - Changing /mnt/c/airflow_tutorial/logs/dag_id=python_operator_dag_v_5/run_id=manual__2024-03-06T07:39:38.766386+00:00/task_id=get_name permission to 509
[2024-03-06T12:39:41.048+0500] {logging_mixin.py:188} INFO - Changing /mnt/c/airflow_tutorial/logs/dag_id=python_operator_dag_v_5/run_id=manual__2024-03-06T07:39:38.766386+00:00 permission to 509
[2024-03-06T12:39:41.050+0500] {logging_mixin.py:188} INFO - Changing /mnt/c/airflow_tutorial/logs/dag_id=python_operator_dag_v_5 permission to 509
[2024-03-06T12:39:41.051+0500] {logging_mixin.py:188} INFO - Changing /mnt/c/airflow_tutorial/logs permission to 509
[2024-03-06T12:39:41.055+0500] {logging_mixin.py:188} INFO - Changing /mnt/c/airflow_tutorial permission to 509
[2024-03-06T12:39:41.057+0500] {logging_mixin.py:188} INFO - Changing /mnt/c permission to 509
[2024-03-06T12:39:41.058+0500] {logging_mixin.py:188} INFO - Failed to change /mnt/c permission to 509: [Errno 13] Permission denied: '/mnt/c'
[2024-03-06T12:39:41.145+0500] {logging_mixin.py:188} INFO - Changing /mnt/c/airflow_tutorial/logs/dag_id=python_operator_dag_v_5/run_id=manual__2024-03-06T07:39:38.766386+00:00/task_id=get_name permission to 509
[2024-03-06T12:39:41.146+0500] {logging_mixin.py:188} INFO - Changing /mnt/c/airflow_tutorial/logs/dag_id=python_operator_dag_v_5/run_id=manual__2024-03-06T07:39:38.766386+00:00 permission to 509
[2024-03-06T12:39:41.148+0500] {logging_mixin.py:188} INFO - Changing /mnt/c/airflow_tutorial/logs/dag_id=python_operator_dag_v_5 permission to 509
[2024-03-06T12:39:41.150+0500] {logging_mixin.py:188} INFO - Changing /mnt/c/airflow_tutorial/logs permission to 509
[2024-03-06T12:39:41.152+0500] {logging_mixin.py:188} INFO - Changing /mnt/c/airflow_tutorial permission to 509
[2024-03-06T12:39:41.154+0500] {logging_mixin.py:188} INFO - Changing /mnt/c permission to 509
[2024-03-06T12:39:41.155+0500] {logging_mixin.py:188} INFO - Failed to change /mnt/c permission to 509: [Errno 13] Permission denied: '/mnt/c'
[2024-03-06T12:39:41.210+0500] {taskinstance.py:1979} INFO - Dependencies all met for dep_context=non-requeueable deps ti=<TaskInstance: python_operator_dag_v_5.get_name manual__2024-03-06T07:39:38.766386+00:00 [queued]>
[2024-03-06T12:39:41.234+0500] {taskinstance.py:1979} INFO - Dependencies all met for dep_context=requeueable deps ti=<TaskInstance: python_operator_dag_v_5.get_name manual__2024-03-06T07:39:38.766386+00:00 [queued]>
[2024-03-06T12:39:41.235+0500] {taskinstance.py:2193} INFO - Starting attempt 1 of 6
[2024-03-06T12:39:41.313+0500] {taskinstance.py:2214} INFO - Executing <Task(PythonOperator): get_name> on 2024-03-06 07:39:38.766386+00:00
[2024-03-06T12:39:41.316+0500] {standard_task_runner.py:60} INFO - Started process 1094 to run task
[2024-03-06T12:39:41.321+0500] {standard_task_runner.py:87} INFO - Running: ['airflow', 'tasks', 'run', 'python_operator_dag_v_5', 'get_name', 'manual__2024-03-06T07:39:38.766386+00:00', '--job-id', '17', '--raw', '--subdir', 'DAGS_FOLDER/python_operator_dag.py', '--cfg-path', '/tmp/tmpmhnosuka']
[2024-03-06T12:39:41.323+0500] {standard_task_runner.py:88} INFO - Job 17: Subtask get_name
[2024-03-06T12:39:41.484+0500] {logging_mixin.py:188} INFO - Changing /mnt/c/airflow_tutorial/logs/dag_id=python_operator_dag_v_5/run_id=manual__2024-03-06T07:39:38.766386+00:00/task_id=get_name permission to 509
[2024-03-06T12:39:41.487+0500] {logging_mixin.py:188} INFO - Changing /mnt/c/airflow_tutorial/logs/dag_id=python_operator_dag_v_5/run_id=manual__2024-03-06T07:39:38.766386+00:00 permission to 509
[2024-03-06T12:39:41.490+0500] {logging_mixin.py:188} INFO - Changing /mnt/c/airflow_tutorial/logs/dag_id=python_operator_dag_v_5 permission to 509
[2024-03-06T12:39:41.492+0500] {logging_mixin.py:188} INFO - Changing /mnt/c/airflow_tutorial/logs permission to 509
[2024-03-06T12:39:41.494+0500] {logging_mixin.py:188} INFO - Changing /mnt/c/airflow_tutorial permission to 509
[2024-03-06T12:39:41.496+0500] {logging_mixin.py:188} INFO - Changing /mnt/c permission to 509
[2024-03-06T12:39:41.497+0500] {logging_mixin.py:188} INFO - Failed to change /mnt/c permission to 509: [Errno 13] Permission denied: '/mnt/c'
[2024-03-06T12:39:41.500+0500] {task_command.py:423} INFO - Running <TaskInstance: python_operator_dag_v_5.get_name manual__2024-03-06T07:39:38.766386+00:00 [running]> on host DESKTOP-QMFTH9M.
[2024-03-06T12:39:41.648+0500] {taskinstance.py:2510} INFO - Exporting env vars: AIRFLOW_CTX_DAG_OWNER='naeem' AIRFLOW_CTX_DAG_ID='python_operator_dag_v_5' AIRFLOW_CTX_TASK_ID='get_name' AIRFLOW_CTX_EXECUTION_DATE='2024-03-06T07:39:38.766386+00:00' AIRFLOW_CTX_TRY_NUMBER='1' AIRFLOW_CTX_DAG_RUN_ID='manual__2024-03-06T07:39:38.766386+00:00'
[2024-03-06T12:39:41.649+0500] {python.py:202} INFO - Done. Returned value was: Muhammad Naeem
[2024-03-06T12:39:41.718+0500] {taskinstance.py:1149} INFO - Marking task as SUCCESS. dag_id=python_operator_dag_v_5, task_id=get_name, execution_date=20240306T073938, start_date=20240306T073941, end_date=20240306T073941
[2024-03-06T12:39:41.774+0500] {local_task_job_runner.py:234} INFO - Task exited with return code 0
[2024-03-06T12:39:41.829+0500] {taskinstance.py:3309} INFO - 1 downstream tasks scheduled from follow-on schedule check
