[2024-03-06T13:20:51.695+0500] {logging_mixin.py:188} INFO - Changing /mnt/c/airflow_tutorial/logs/dag_id=task_flow_api_dag_v2/run_id=manual__2024-03-06T08:20:48.571810+00:00/task_id=get_name permission to 509
[2024-03-06T13:20:51.697+0500] {logging_mixin.py:188} INFO - Changing /mnt/c/airflow_tutorial/logs/dag_id=task_flow_api_dag_v2/run_id=manual__2024-03-06T08:20:48.571810+00:00 permission to 509
[2024-03-06T13:20:51.699+0500] {logging_mixin.py:188} INFO - Changing /mnt/c/airflow_tutorial/logs/dag_id=task_flow_api_dag_v2 permission to 509
[2024-03-06T13:20:51.700+0500] {logging_mixin.py:188} INFO - Changing /mnt/c/airflow_tutorial/logs permission to 509
[2024-03-06T13:20:51.702+0500] {logging_mixin.py:188} INFO - Changing /mnt/c/airflow_tutorial permission to 509
[2024-03-06T13:20:51.704+0500] {logging_mixin.py:188} INFO - Changing /mnt/c permission to 509
[2024-03-06T13:20:51.707+0500] {logging_mixin.py:188} INFO - Failed to change /mnt/c permission to 509: [Errno 13] Permission denied: '/mnt/c'
[2024-03-06T13:20:51.776+0500] {logging_mixin.py:188} INFO - Changing /mnt/c/airflow_tutorial/logs/dag_id=task_flow_api_dag_v2/run_id=manual__2024-03-06T08:20:48.571810+00:00/task_id=get_name permission to 509
[2024-03-06T13:20:51.777+0500] {logging_mixin.py:188} INFO - Changing /mnt/c/airflow_tutorial/logs/dag_id=task_flow_api_dag_v2/run_id=manual__2024-03-06T08:20:48.571810+00:00 permission to 509
[2024-03-06T13:20:51.779+0500] {logging_mixin.py:188} INFO - Changing /mnt/c/airflow_tutorial/logs/dag_id=task_flow_api_dag_v2 permission to 509
[2024-03-06T13:20:51.780+0500] {logging_mixin.py:188} INFO - Changing /mnt/c/airflow_tutorial/logs permission to 509
[2024-03-06T13:20:51.782+0500] {logging_mixin.py:188} INFO - Changing /mnt/c/airflow_tutorial permission to 509
[2024-03-06T13:20:51.784+0500] {logging_mixin.py:188} INFO - Changing /mnt/c permission to 509
[2024-03-06T13:20:51.785+0500] {logging_mixin.py:188} INFO - Failed to change /mnt/c permission to 509: [Errno 13] Permission denied: '/mnt/c'
[2024-03-06T13:20:51.833+0500] {taskinstance.py:1979} INFO - Dependencies all met for dep_context=non-requeueable deps ti=<TaskInstance: task_flow_api_dag_v2.get_name manual__2024-03-06T08:20:48.571810+00:00 [queued]>
[2024-03-06T13:20:51.854+0500] {taskinstance.py:1979} INFO - Dependencies all met for dep_context=requeueable deps ti=<TaskInstance: task_flow_api_dag_v2.get_name manual__2024-03-06T08:20:48.571810+00:00 [queued]>
[2024-03-06T13:20:51.855+0500] {taskinstance.py:2193} INFO - Starting attempt 1 of 6
[2024-03-06T13:20:51.914+0500] {taskinstance.py:2214} INFO - Executing <Task(_PythonDecoratedOperator): get_name> on 2024-03-06 08:20:48.571810+00:00
[2024-03-06T13:20:51.916+0500] {standard_task_runner.py:60} INFO - Started process 1593 to run task
[2024-03-06T13:20:51.919+0500] {standard_task_runner.py:87} INFO - Running: ['airflow', 'tasks', 'run', 'task_flow_api_dag_v2', 'get_name', 'manual__2024-03-06T08:20:48.571810+00:00', '--job-id', '27', '--raw', '--subdir', 'DAGS_FOLDER/task_flow_api_dag.py', '--cfg-path', '/tmp/tmpusozawxp']
[2024-03-06T13:20:51.921+0500] {standard_task_runner.py:88} INFO - Job 27: Subtask get_name
[2024-03-06T13:20:52.057+0500] {logging_mixin.py:188} INFO - Changing /mnt/c/airflow_tutorial/logs/dag_id=task_flow_api_dag_v2/run_id=manual__2024-03-06T08:20:48.571810+00:00/task_id=get_name permission to 509
[2024-03-06T13:20:52.058+0500] {logging_mixin.py:188} INFO - Changing /mnt/c/airflow_tutorial/logs/dag_id=task_flow_api_dag_v2/run_id=manual__2024-03-06T08:20:48.571810+00:00 permission to 509
[2024-03-06T13:20:52.059+0500] {logging_mixin.py:188} INFO - Changing /mnt/c/airflow_tutorial/logs/dag_id=task_flow_api_dag_v2 permission to 509
[2024-03-06T13:20:52.060+0500] {logging_mixin.py:188} INFO - Changing /mnt/c/airflow_tutorial/logs permission to 509
[2024-03-06T13:20:52.061+0500] {logging_mixin.py:188} INFO - Changing /mnt/c/airflow_tutorial permission to 509
[2024-03-06T13:20:52.063+0500] {logging_mixin.py:188} INFO - Changing /mnt/c permission to 509
[2024-03-06T13:20:52.063+0500] {logging_mixin.py:188} INFO - Failed to change /mnt/c permission to 509: [Errno 13] Permission denied: '/mnt/c'
[2024-03-06T13:20:52.065+0500] {task_command.py:423} INFO - Running <TaskInstance: task_flow_api_dag_v2.get_name manual__2024-03-06T08:20:48.571810+00:00 [running]> on host DESKTOP-QMFTH9M.
[2024-03-06T13:20:52.219+0500] {taskinstance.py:2510} INFO - Exporting env vars: AIRFLOW_CTX_DAG_OWNER='naeem' AIRFLOW_CTX_DAG_ID='task_flow_api_dag_v2' AIRFLOW_CTX_TASK_ID='get_name' AIRFLOW_CTX_EXECUTION_DATE='2024-03-06T08:20:48.571810+00:00' AIRFLOW_CTX_TRY_NUMBER='1' AIRFLOW_CTX_DAG_RUN_ID='manual__2024-03-06T08:20:48.571810+00:00'
[2024-03-06T13:20:52.220+0500] {python.py:202} INFO - Done. Returned value was: {'first_name': 'M. ', 'last_name': 'Naeem'}
[2024-03-06T13:20:52.353+0500] {taskinstance.py:1149} INFO - Marking task as SUCCESS. dag_id=task_flow_api_dag_v2, task_id=get_name, execution_date=20240306T082048, start_date=20240306T082051, end_date=20240306T082052
[2024-03-06T13:20:52.413+0500] {local_task_job_runner.py:234} INFO - Task exited with return code 0
[2024-03-06T13:20:52.447+0500] {taskinstance.py:3309} INFO - 0 downstream tasks scheduled from follow-on schedule check
