[2024-03-06T12:48:58.087+0500] {logging_mixin.py:188} INFO - Changing /mnt/c/airflow_tutorial/logs/dag_id=python_operator_dag_v_6/run_id=manual__2024-03-06T07:48:51.903732+00:00/task_id=greet permission to 509
[2024-03-06T12:48:58.089+0500] {logging_mixin.py:188} INFO - Changing /mnt/c/airflow_tutorial/logs/dag_id=python_operator_dag_v_6/run_id=manual__2024-03-06T07:48:51.903732+00:00 permission to 509
[2024-03-06T12:48:58.092+0500] {logging_mixin.py:188} INFO - Changing /mnt/c/airflow_tutorial/logs/dag_id=python_operator_dag_v_6 permission to 509
[2024-03-06T12:48:58.093+0500] {logging_mixin.py:188} INFO - Changing /mnt/c/airflow_tutorial/logs permission to 509
[2024-03-06T12:48:58.096+0500] {logging_mixin.py:188} INFO - Changing /mnt/c/airflow_tutorial permission to 509
[2024-03-06T12:48:58.097+0500] {logging_mixin.py:188} INFO - Changing /mnt/c permission to 509
[2024-03-06T12:48:58.098+0500] {logging_mixin.py:188} INFO - Failed to change /mnt/c permission to 509: [Errno 13] Permission denied: '/mnt/c'
[2024-03-06T12:48:58.188+0500] {logging_mixin.py:188} INFO - Changing /mnt/c/airflow_tutorial/logs/dag_id=python_operator_dag_v_6/run_id=manual__2024-03-06T07:48:51.903732+00:00/task_id=greet permission to 509
[2024-03-06T12:48:58.190+0500] {logging_mixin.py:188} INFO - Changing /mnt/c/airflow_tutorial/logs/dag_id=python_operator_dag_v_6/run_id=manual__2024-03-06T07:48:51.903732+00:00 permission to 509
[2024-03-06T12:48:58.194+0500] {logging_mixin.py:188} INFO - Changing /mnt/c/airflow_tutorial/logs/dag_id=python_operator_dag_v_6 permission to 509
[2024-03-06T12:48:58.196+0500] {logging_mixin.py:188} INFO - Changing /mnt/c/airflow_tutorial/logs permission to 509
[2024-03-06T12:48:58.198+0500] {logging_mixin.py:188} INFO - Changing /mnt/c/airflow_tutorial permission to 509
[2024-03-06T12:48:58.201+0500] {logging_mixin.py:188} INFO - Changing /mnt/c permission to 509
[2024-03-06T12:48:58.204+0500] {logging_mixin.py:188} INFO - Failed to change /mnt/c permission to 509: [Errno 13] Permission denied: '/mnt/c'
[2024-03-06T12:48:58.248+0500] {taskinstance.py:1979} INFO - Dependencies all met for dep_context=non-requeueable deps ti=<TaskInstance: python_operator_dag_v_6.greet manual__2024-03-06T07:48:51.903732+00:00 [queued]>
[2024-03-06T12:48:58.265+0500] {taskinstance.py:1979} INFO - Dependencies all met for dep_context=requeueable deps ti=<TaskInstance: python_operator_dag_v_6.greet manual__2024-03-06T07:48:51.903732+00:00 [queued]>
[2024-03-06T12:48:58.266+0500] {taskinstance.py:2193} INFO - Starting attempt 1 of 6
[2024-03-06T12:48:58.306+0500] {taskinstance.py:2214} INFO - Executing <Task(PythonOperator): greet> on 2024-03-06 07:48:51.903732+00:00
[2024-03-06T12:48:58.309+0500] {standard_task_runner.py:60} INFO - Started process 1212 to run task
[2024-03-06T12:48:58.312+0500] {standard_task_runner.py:87} INFO - Running: ['airflow', 'tasks', 'run', 'python_operator_dag_v_6', 'greet', 'manual__2024-03-06T07:48:51.903732+00:00', '--job-id', '20', '--raw', '--subdir', 'DAGS_FOLDER/python_operator_dag.py', '--cfg-path', '/tmp/tmpqcut9kmu']
[2024-03-06T12:48:58.313+0500] {standard_task_runner.py:88} INFO - Job 20: Subtask greet
[2024-03-06T12:48:58.428+0500] {logging_mixin.py:188} INFO - Changing /mnt/c/airflow_tutorial/logs/dag_id=python_operator_dag_v_6/run_id=manual__2024-03-06T07:48:51.903732+00:00/task_id=greet permission to 509
[2024-03-06T12:48:58.430+0500] {logging_mixin.py:188} INFO - Changing /mnt/c/airflow_tutorial/logs/dag_id=python_operator_dag_v_6/run_id=manual__2024-03-06T07:48:51.903732+00:00 permission to 509
[2024-03-06T12:48:58.432+0500] {logging_mixin.py:188} INFO - Changing /mnt/c/airflow_tutorial/logs/dag_id=python_operator_dag_v_6 permission to 509
[2024-03-06T12:48:58.434+0500] {logging_mixin.py:188} INFO - Changing /mnt/c/airflow_tutorial/logs permission to 509
[2024-03-06T12:48:58.436+0500] {logging_mixin.py:188} INFO - Changing /mnt/c/airflow_tutorial permission to 509
[2024-03-06T12:48:58.438+0500] {logging_mixin.py:188} INFO - Changing /mnt/c permission to 509
[2024-03-06T12:48:58.439+0500] {logging_mixin.py:188} INFO - Failed to change /mnt/c permission to 509: [Errno 13] Permission denied: '/mnt/c'
[2024-03-06T12:48:58.442+0500] {task_command.py:423} INFO - Running <TaskInstance: python_operator_dag_v_6.greet manual__2024-03-06T07:48:51.903732+00:00 [running]> on host DESKTOP-QMFTH9M.
[2024-03-06T12:48:58.622+0500] {taskinstance.py:2510} INFO - Exporting env vars: AIRFLOW_CTX_DAG_OWNER='naeem' AIRFLOW_CTX_DAG_ID='python_operator_dag_v_6' AIRFLOW_CTX_TASK_ID='greet' AIRFLOW_CTX_EXECUTION_DATE='2024-03-06T07:48:51.903732+00:00' AIRFLOW_CTX_TRY_NUMBER='1' AIRFLOW_CTX_DAG_RUN_ID='manual__2024-03-06T07:48:51.903732+00:00'
[2024-03-06T12:48:58.652+0500] {logging_mixin.py:188} INFO - Hi, My name is Muhammad Naeem, and I am 25 years old...
[2024-03-06T12:48:58.653+0500] {python.py:202} INFO - Done. Returned value was: None
[2024-03-06T12:48:58.664+0500] {taskinstance.py:1149} INFO - Marking task as SUCCESS. dag_id=python_operator_dag_v_6, task_id=greet, execution_date=20240306T074851, start_date=20240306T074858, end_date=20240306T074858
[2024-03-06T12:48:58.726+0500] {local_task_job_runner.py:234} INFO - Task exited with return code 0
[2024-03-06T12:48:58.753+0500] {taskinstance.py:3309} INFO - 0 downstream tasks scheduled from follow-on schedule check
