[2024-03-06T12:25:08.682+0500] {logging_mixin.py:188} INFO - Changing /mnt/c/airflow_tutorial/logs/dag_id=my_first_dag_v_2/run_id=manual__2024-03-06T05:48:30.560152+00:00/task_id=second_task permission to 509
[2024-03-06T12:25:08.683+0500] {logging_mixin.py:188} INFO - Changing /mnt/c/airflow_tutorial/logs/dag_id=my_first_dag_v_2/run_id=manual__2024-03-06T05:48:30.560152+00:00 permission to 509
[2024-03-06T12:25:08.685+0500] {logging_mixin.py:188} INFO - Changing /mnt/c/airflow_tutorial/logs/dag_id=my_first_dag_v_2 permission to 509
[2024-03-06T12:25:08.686+0500] {logging_mixin.py:188} INFO - Changing /mnt/c/airflow_tutorial/logs permission to 509
[2024-03-06T12:25:08.687+0500] {logging_mixin.py:188} INFO - Changing /mnt/c/airflow_tutorial permission to 509
[2024-03-06T12:25:08.688+0500] {logging_mixin.py:188} INFO - Changing /mnt/c permission to 509
[2024-03-06T12:25:08.689+0500] {logging_mixin.py:188} INFO - Failed to change /mnt/c permission to 509: [Errno 13] Permission denied: '/mnt/c'
[2024-03-06T12:25:08.741+0500] {logging_mixin.py:188} INFO - Changing /mnt/c/airflow_tutorial/logs/dag_id=my_first_dag_v_2/run_id=manual__2024-03-06T05:48:30.560152+00:00/task_id=second_task permission to 509
[2024-03-06T12:25:08.743+0500] {logging_mixin.py:188} INFO - Changing /mnt/c/airflow_tutorial/logs/dag_id=my_first_dag_v_2/run_id=manual__2024-03-06T05:48:30.560152+00:00 permission to 509
[2024-03-06T12:25:08.744+0500] {logging_mixin.py:188} INFO - Changing /mnt/c/airflow_tutorial/logs/dag_id=my_first_dag_v_2 permission to 509
[2024-03-06T12:25:08.746+0500] {logging_mixin.py:188} INFO - Changing /mnt/c/airflow_tutorial/logs permission to 509
[2024-03-06T12:25:08.747+0500] {logging_mixin.py:188} INFO - Changing /mnt/c/airflow_tutorial permission to 509
[2024-03-06T12:25:08.749+0500] {logging_mixin.py:188} INFO - Changing /mnt/c permission to 509
[2024-03-06T12:25:08.749+0500] {logging_mixin.py:188} INFO - Failed to change /mnt/c permission to 509: [Errno 13] Permission denied: '/mnt/c'
[2024-03-06T12:25:08.783+0500] {taskinstance.py:1979} INFO - Dependencies all met for dep_context=non-requeueable deps ti=<TaskInstance: my_first_dag_v_2.second_task manual__2024-03-06T05:48:30.560152+00:00 [queued]>
[2024-03-06T12:25:08.799+0500] {taskinstance.py:1979} INFO - Dependencies all met for dep_context=requeueable deps ti=<TaskInstance: my_first_dag_v_2.second_task manual__2024-03-06T05:48:30.560152+00:00 [queued]>
[2024-03-06T12:25:08.800+0500] {taskinstance.py:2193} INFO - Starting attempt 1 of 6
[2024-03-06T12:25:08.835+0500] {taskinstance.py:2214} INFO - Executing <Task(BashOperator): second_task> on 2024-03-06 05:48:30.560152+00:00
[2024-03-06T12:25:08.837+0500] {standard_task_runner.py:60} INFO - Started process 909 to run task
[2024-03-06T12:25:08.839+0500] {standard_task_runner.py:87} INFO - Running: ['airflow', 'tasks', 'run', 'my_first_dag_v_2', 'second_task', 'manual__2024-03-06T05:48:30.560152+00:00', '--job-id', '9', '--raw', '--subdir', 'DAGS_FOLDER/my_first_dag.py', '--cfg-path', '/tmp/tmpf4j3hjc7']
[2024-03-06T12:25:08.841+0500] {standard_task_runner.py:88} INFO - Job 9: Subtask second_task
[2024-03-06T12:25:08.926+0500] {logging_mixin.py:188} INFO - Changing /mnt/c/airflow_tutorial/logs/dag_id=my_first_dag_v_2/run_id=manual__2024-03-06T05:48:30.560152+00:00/task_id=second_task permission to 509
[2024-03-06T12:25:08.928+0500] {logging_mixin.py:188} INFO - Changing /mnt/c/airflow_tutorial/logs/dag_id=my_first_dag_v_2/run_id=manual__2024-03-06T05:48:30.560152+00:00 permission to 509
[2024-03-06T12:25:08.929+0500] {logging_mixin.py:188} INFO - Changing /mnt/c/airflow_tutorial/logs/dag_id=my_first_dag_v_2 permission to 509
[2024-03-06T12:25:08.931+0500] {logging_mixin.py:188} INFO - Changing /mnt/c/airflow_tutorial/logs permission to 509
[2024-03-06T12:25:08.932+0500] {logging_mixin.py:188} INFO - Changing /mnt/c/airflow_tutorial permission to 509
[2024-03-06T12:25:08.934+0500] {logging_mixin.py:188} INFO - Changing /mnt/c permission to 509
[2024-03-06T12:25:08.935+0500] {logging_mixin.py:188} INFO - Failed to change /mnt/c permission to 509: [Errno 13] Permission denied: '/mnt/c'
[2024-03-06T12:25:08.937+0500] {task_command.py:423} INFO - Running <TaskInstance: my_first_dag_v_2.second_task manual__2024-03-06T05:48:30.560152+00:00 [running]> on host DESKTOP-QMFTH9M.
[2024-03-06T12:25:09.064+0500] {taskinstance.py:2510} INFO - Exporting env vars: AIRFLOW_CTX_DAG_OWNER='naeem' AIRFLOW_CTX_DAG_ID='my_first_dag_v_2' AIRFLOW_CTX_TASK_ID='second_task' AIRFLOW_CTX_EXECUTION_DATE='2024-03-06T05:48:30.560152+00:00' AIRFLOW_CTX_TRY_NUMBER='1' AIRFLOW_CTX_DAG_RUN_ID='manual__2024-03-06T05:48:30.560152+00:00'
[2024-03-06T12:25:09.067+0500] {subprocess.py:63} INFO - Tmp dir root location: /tmp
[2024-03-06T12:25:09.068+0500] {subprocess.py:75} INFO - Running command: ['/usr/bin/bash', '-c', 'echo Hello, second task!']
[2024-03-06T12:25:09.071+0500] {subprocess.py:86} INFO - Output:
[2024-03-06T12:25:09.073+0500] {subprocess.py:93} INFO - Hello, second task!
[2024-03-06T12:25:09.073+0500] {subprocess.py:97} INFO - Command exited with return code 0
[2024-03-06T12:25:09.122+0500] {taskinstance.py:1149} INFO - Marking task as SUCCESS. dag_id=my_first_dag_v_2, task_id=second_task, execution_date=20240306T054830, start_date=20240306T072508, end_date=20240306T072509
[2024-03-06T12:25:09.172+0500] {local_task_job_runner.py:234} INFO - Task exited with return code 0
[2024-03-06T12:25:09.197+0500] {taskinstance.py:3309} INFO - 0 downstream tasks scheduled from follow-on schedule check
