[2024-03-06T13:11:08.724+0500] {logging_mixin.py:188} INFO - Changing /mnt/c/airflow_tutorial/logs/dag_id=task_flow_api_dag_v1/run_id=manual__2024-03-06T08:11:02.828313+00:00/task_id=get_age permission to 509
[2024-03-06T13:11:08.726+0500] {logging_mixin.py:188} INFO - Changing /mnt/c/airflow_tutorial/logs/dag_id=task_flow_api_dag_v1/run_id=manual__2024-03-06T08:11:02.828313+00:00 permission to 509
[2024-03-06T13:11:08.727+0500] {logging_mixin.py:188} INFO - Changing /mnt/c/airflow_tutorial/logs/dag_id=task_flow_api_dag_v1 permission to 509
[2024-03-06T13:11:08.729+0500] {logging_mixin.py:188} INFO - Changing /mnt/c/airflow_tutorial/logs permission to 509
[2024-03-06T13:11:08.731+0500] {logging_mixin.py:188} INFO - Changing /mnt/c/airflow_tutorial permission to 509
[2024-03-06T13:11:08.732+0500] {logging_mixin.py:188} INFO - Changing /mnt/c permission to 509
[2024-03-06T13:11:08.733+0500] {logging_mixin.py:188} INFO - Failed to change /mnt/c permission to 509: [Errno 13] Permission denied: '/mnt/c'
[2024-03-06T13:11:08.791+0500] {logging_mixin.py:188} INFO - Changing /mnt/c/airflow_tutorial/logs/dag_id=task_flow_api_dag_v1/run_id=manual__2024-03-06T08:11:02.828313+00:00/task_id=get_age permission to 509
[2024-03-06T13:11:08.793+0500] {logging_mixin.py:188} INFO - Changing /mnt/c/airflow_tutorial/logs/dag_id=task_flow_api_dag_v1/run_id=manual__2024-03-06T08:11:02.828313+00:00 permission to 509
[2024-03-06T13:11:08.795+0500] {logging_mixin.py:188} INFO - Changing /mnt/c/airflow_tutorial/logs/dag_id=task_flow_api_dag_v1 permission to 509
[2024-03-06T13:11:08.796+0500] {logging_mixin.py:188} INFO - Changing /mnt/c/airflow_tutorial/logs permission to 509
[2024-03-06T13:11:08.797+0500] {logging_mixin.py:188} INFO - Changing /mnt/c/airflow_tutorial permission to 509
[2024-03-06T13:11:08.799+0500] {logging_mixin.py:188} INFO - Changing /mnt/c permission to 509
[2024-03-06T13:11:08.800+0500] {logging_mixin.py:188} INFO - Failed to change /mnt/c permission to 509: [Errno 13] Permission denied: '/mnt/c'
[2024-03-06T13:11:08.835+0500] {taskinstance.py:1979} INFO - Dependencies all met for dep_context=non-requeueable deps ti=<TaskInstance: task_flow_api_dag_v1.get_age manual__2024-03-06T08:11:02.828313+00:00 [queued]>
[2024-03-06T13:11:08.852+0500] {taskinstance.py:1979} INFO - Dependencies all met for dep_context=requeueable deps ti=<TaskInstance: task_flow_api_dag_v1.get_age manual__2024-03-06T08:11:02.828313+00:00 [queued]>
[2024-03-06T13:11:08.853+0500] {taskinstance.py:2193} INFO - Starting attempt 1 of 6
[2024-03-06T13:11:08.894+0500] {taskinstance.py:2214} INFO - Executing <Task(_PythonDecoratedOperator): get_age> on 2024-03-06 08:11:02.828313+00:00
[2024-03-06T13:11:08.896+0500] {standard_task_runner.py:60} INFO - Started process 1468 to run task
[2024-03-06T13:11:08.899+0500] {standard_task_runner.py:87} INFO - Running: ['airflow', 'tasks', 'run', 'task_flow_api_dag_v1', 'get_age', 'manual__2024-03-06T08:11:02.828313+00:00', '--job-id', '25', '--raw', '--subdir', 'DAGS_FOLDER/task_flow_api_dag.py', '--cfg-path', '/tmp/tmp831ugbvc']
[2024-03-06T13:11:08.901+0500] {standard_task_runner.py:88} INFO - Job 25: Subtask get_age
[2024-03-06T13:11:09.001+0500] {logging_mixin.py:188} INFO - Changing /mnt/c/airflow_tutorial/logs/dag_id=task_flow_api_dag_v1/run_id=manual__2024-03-06T08:11:02.828313+00:00/task_id=get_age permission to 509
[2024-03-06T13:11:09.004+0500] {logging_mixin.py:188} INFO - Changing /mnt/c/airflow_tutorial/logs/dag_id=task_flow_api_dag_v1/run_id=manual__2024-03-06T08:11:02.828313+00:00 permission to 509
[2024-03-06T13:11:09.006+0500] {logging_mixin.py:188} INFO - Changing /mnt/c/airflow_tutorial/logs/dag_id=task_flow_api_dag_v1 permission to 509
[2024-03-06T13:11:09.008+0500] {logging_mixin.py:188} INFO - Changing /mnt/c/airflow_tutorial/logs permission to 509
[2024-03-06T13:11:09.010+0500] {logging_mixin.py:188} INFO - Changing /mnt/c/airflow_tutorial permission to 509
[2024-03-06T13:11:09.011+0500] {logging_mixin.py:188} INFO - Changing /mnt/c permission to 509
[2024-03-06T13:11:09.012+0500] {logging_mixin.py:188} INFO - Failed to change /mnt/c permission to 509: [Errno 13] Permission denied: '/mnt/c'
[2024-03-06T13:11:09.014+0500] {task_command.py:423} INFO - Running <TaskInstance: task_flow_api_dag_v1.get_age manual__2024-03-06T08:11:02.828313+00:00 [running]> on host DESKTOP-QMFTH9M.
[2024-03-06T13:11:09.186+0500] {taskinstance.py:2510} INFO - Exporting env vars: AIRFLOW_CTX_DAG_OWNER='naeem' AIRFLOW_CTX_DAG_ID='task_flow_api_dag_v1' AIRFLOW_CTX_TASK_ID='get_age' AIRFLOW_CTX_EXECUTION_DATE='2024-03-06T08:11:02.828313+00:00' AIRFLOW_CTX_TRY_NUMBER='1' AIRFLOW_CTX_DAG_RUN_ID='manual__2024-03-06T08:11:02.828313+00:00'
[2024-03-06T13:11:09.189+0500] {python.py:202} INFO - Done. Returned value was: 25
[2024-03-06T13:11:09.278+0500] {taskinstance.py:1149} INFO - Marking task as SUCCESS. dag_id=task_flow_api_dag_v1, task_id=get_age, execution_date=20240306T081102, start_date=20240306T081108, end_date=20240306T081109
[2024-03-06T13:11:09.353+0500] {local_task_job_runner.py:234} INFO - Task exited with return code 0
[2024-03-06T13:11:09.402+0500] {taskinstance.py:3309} INFO - 1 downstream tasks scheduled from follow-on schedule check
