[2024-03-06T12:25:10.825+0500] {logging_mixin.py:188} INFO - Changing /mnt/c/airflow_tutorial/logs/dag_id=my_first_dag_v_2/run_id=manual__2024-03-06T05:48:30.560152+00:00/task_id=third_task permission to 509
[2024-03-06T12:25:10.826+0500] {logging_mixin.py:188} INFO - Changing /mnt/c/airflow_tutorial/logs/dag_id=my_first_dag_v_2/run_id=manual__2024-03-06T05:48:30.560152+00:00 permission to 509
[2024-03-06T12:25:10.828+0500] {logging_mixin.py:188} INFO - Changing /mnt/c/airflow_tutorial/logs/dag_id=my_first_dag_v_2 permission to 509
[2024-03-06T12:25:10.829+0500] {logging_mixin.py:188} INFO - Changing /mnt/c/airflow_tutorial/logs permission to 509
[2024-03-06T12:25:10.831+0500] {logging_mixin.py:188} INFO - Changing /mnt/c/airflow_tutorial permission to 509
[2024-03-06T12:25:10.832+0500] {logging_mixin.py:188} INFO - Changing /mnt/c permission to 509
[2024-03-06T12:25:10.833+0500] {logging_mixin.py:188} INFO - Failed to change /mnt/c permission to 509: [Errno 13] Permission denied: '/mnt/c'
[2024-03-06T12:25:10.897+0500] {logging_mixin.py:188} INFO - Changing /mnt/c/airflow_tutorial/logs/dag_id=my_first_dag_v_2/run_id=manual__2024-03-06T05:48:30.560152+00:00/task_id=third_task permission to 509
[2024-03-06T12:25:10.899+0500] {logging_mixin.py:188} INFO - Changing /mnt/c/airflow_tutorial/logs/dag_id=my_first_dag_v_2/run_id=manual__2024-03-06T05:48:30.560152+00:00 permission to 509
[2024-03-06T12:25:10.900+0500] {logging_mixin.py:188} INFO - Changing /mnt/c/airflow_tutorial/logs/dag_id=my_first_dag_v_2 permission to 509
[2024-03-06T12:25:10.902+0500] {logging_mixin.py:188} INFO - Changing /mnt/c/airflow_tutorial/logs permission to 509
[2024-03-06T12:25:10.903+0500] {logging_mixin.py:188} INFO - Changing /mnt/c/airflow_tutorial permission to 509
[2024-03-06T12:25:10.905+0500] {logging_mixin.py:188} INFO - Changing /mnt/c permission to 509
[2024-03-06T12:25:10.905+0500] {logging_mixin.py:188} INFO - Failed to change /mnt/c permission to 509: [Errno 13] Permission denied: '/mnt/c'
[2024-03-06T12:25:10.938+0500] {taskinstance.py:1979} INFO - Dependencies all met for dep_context=non-requeueable deps ti=<TaskInstance: my_first_dag_v_2.third_task manual__2024-03-06T05:48:30.560152+00:00 [queued]>
[2024-03-06T12:25:10.955+0500] {taskinstance.py:1979} INFO - Dependencies all met for dep_context=requeueable deps ti=<TaskInstance: my_first_dag_v_2.third_task manual__2024-03-06T05:48:30.560152+00:00 [queued]>
[2024-03-06T12:25:10.955+0500] {taskinstance.py:2193} INFO - Starting attempt 1 of 6
[2024-03-06T12:25:10.994+0500] {taskinstance.py:2214} INFO - Executing <Task(BashOperator): third_task> on 2024-03-06 05:48:30.560152+00:00
[2024-03-06T12:25:10.997+0500] {standard_task_runner.py:60} INFO - Started process 913 to run task
[2024-03-06T12:25:10.999+0500] {standard_task_runner.py:87} INFO - Running: ['airflow', 'tasks', 'run', 'my_first_dag_v_2', 'third_task', 'manual__2024-03-06T05:48:30.560152+00:00', '--job-id', '10', '--raw', '--subdir', 'DAGS_FOLDER/my_first_dag.py', '--cfg-path', '/tmp/tmpyy3wje0u']
[2024-03-06T12:25:11.001+0500] {standard_task_runner.py:88} INFO - Job 10: Subtask third_task
[2024-03-06T12:25:11.085+0500] {logging_mixin.py:188} INFO - Changing /mnt/c/airflow_tutorial/logs/dag_id=my_first_dag_v_2/run_id=manual__2024-03-06T05:48:30.560152+00:00/task_id=third_task permission to 509
[2024-03-06T12:25:11.087+0500] {logging_mixin.py:188} INFO - Changing /mnt/c/airflow_tutorial/logs/dag_id=my_first_dag_v_2/run_id=manual__2024-03-06T05:48:30.560152+00:00 permission to 509
[2024-03-06T12:25:11.088+0500] {logging_mixin.py:188} INFO - Changing /mnt/c/airflow_tutorial/logs/dag_id=my_first_dag_v_2 permission to 509
[2024-03-06T12:25:11.090+0500] {logging_mixin.py:188} INFO - Changing /mnt/c/airflow_tutorial/logs permission to 509
[2024-03-06T12:25:11.091+0500] {logging_mixin.py:188} INFO - Changing /mnt/c/airflow_tutorial permission to 509
[2024-03-06T12:25:11.093+0500] {logging_mixin.py:188} INFO - Changing /mnt/c permission to 509
[2024-03-06T12:25:11.094+0500] {logging_mixin.py:188} INFO - Failed to change /mnt/c permission to 509: [Errno 13] Permission denied: '/mnt/c'
[2024-03-06T12:25:11.096+0500] {task_command.py:423} INFO - Running <TaskInstance: my_first_dag_v_2.third_task manual__2024-03-06T05:48:30.560152+00:00 [running]> on host DESKTOP-QMFTH9M.
[2024-03-06T12:25:11.232+0500] {taskinstance.py:2510} INFO - Exporting env vars: AIRFLOW_CTX_DAG_OWNER='naeem' AIRFLOW_CTX_DAG_ID='my_first_dag_v_2' AIRFLOW_CTX_TASK_ID='third_task' AIRFLOW_CTX_EXECUTION_DATE='2024-03-06T05:48:30.560152+00:00' AIRFLOW_CTX_TRY_NUMBER='1' AIRFLOW_CTX_DAG_RUN_ID='manual__2024-03-06T05:48:30.560152+00:00'
[2024-03-06T12:25:11.235+0500] {subprocess.py:63} INFO - Tmp dir root location: /tmp
[2024-03-06T12:25:11.236+0500] {subprocess.py:75} INFO - Running command: ['/usr/bin/bash', '-c', 'echo Hello, third task!']
[2024-03-06T12:25:11.240+0500] {subprocess.py:86} INFO - Output:
[2024-03-06T12:25:11.242+0500] {subprocess.py:93} INFO - Hello, third task!
[2024-03-06T12:25:11.242+0500] {subprocess.py:97} INFO - Command exited with return code 0
[2024-03-06T12:25:11.294+0500] {taskinstance.py:1149} INFO - Marking task as SUCCESS. dag_id=my_first_dag_v_2, task_id=third_task, execution_date=20240306T054830, start_date=20240306T072510, end_date=20240306T072511
[2024-03-06T12:25:11.333+0500] {local_task_job_runner.py:234} INFO - Task exited with return code 0
[2024-03-06T12:25:11.356+0500] {taskinstance.py:3309} INFO - 0 downstream tasks scheduled from follow-on schedule check
