[2024-03-06T12:52:54.263+0500] {logging_mixin.py:188} INFO - Changing /mnt/c/airflow_tutorial/logs/dag_id=python_operator_dag_v_7/run_id=manual__2024-03-06T07:52:51.060467+00:00/task_id=get_age permission to 509
[2024-03-06T12:52:54.265+0500] {logging_mixin.py:188} INFO - Changing /mnt/c/airflow_tutorial/logs/dag_id=python_operator_dag_v_7/run_id=manual__2024-03-06T07:52:51.060467+00:00 permission to 509
[2024-03-06T12:52:54.267+0500] {logging_mixin.py:188} INFO - Changing /mnt/c/airflow_tutorial/logs/dag_id=python_operator_dag_v_7 permission to 509
[2024-03-06T12:52:54.268+0500] {logging_mixin.py:188} INFO - Changing /mnt/c/airflow_tutorial/logs permission to 509
[2024-03-06T12:52:54.270+0500] {logging_mixin.py:188} INFO - Changing /mnt/c/airflow_tutorial permission to 509
[2024-03-06T12:52:54.271+0500] {logging_mixin.py:188} INFO - Changing /mnt/c permission to 509
[2024-03-06T12:52:54.273+0500] {logging_mixin.py:188} INFO - Failed to change /mnt/c permission to 509: [Errno 13] Permission denied: '/mnt/c'
[2024-03-06T12:52:54.365+0500] {logging_mixin.py:188} INFO - Changing /mnt/c/airflow_tutorial/logs/dag_id=python_operator_dag_v_7/run_id=manual__2024-03-06T07:52:51.060467+00:00/task_id=get_age permission to 509
[2024-03-06T12:52:54.367+0500] {logging_mixin.py:188} INFO - Changing /mnt/c/airflow_tutorial/logs/dag_id=python_operator_dag_v_7/run_id=manual__2024-03-06T07:52:51.060467+00:00 permission to 509
[2024-03-06T12:52:54.369+0500] {logging_mixin.py:188} INFO - Changing /mnt/c/airflow_tutorial/logs/dag_id=python_operator_dag_v_7 permission to 509
[2024-03-06T12:52:54.371+0500] {logging_mixin.py:188} INFO - Changing /mnt/c/airflow_tutorial/logs permission to 509
[2024-03-06T12:52:54.373+0500] {logging_mixin.py:188} INFO - Changing /mnt/c/airflow_tutorial permission to 509
[2024-03-06T12:52:54.374+0500] {logging_mixin.py:188} INFO - Changing /mnt/c permission to 509
[2024-03-06T12:52:54.375+0500] {logging_mixin.py:188} INFO - Failed to change /mnt/c permission to 509: [Errno 13] Permission denied: '/mnt/c'
[2024-03-06T12:52:54.417+0500] {taskinstance.py:1979} INFO - Dependencies all met for dep_context=non-requeueable deps ti=<TaskInstance: python_operator_dag_v_7.get_age manual__2024-03-06T07:52:51.060467+00:00 [queued]>
[2024-03-06T12:52:54.433+0500] {taskinstance.py:1979} INFO - Dependencies all met for dep_context=requeueable deps ti=<TaskInstance: python_operator_dag_v_7.get_age manual__2024-03-06T07:52:51.060467+00:00 [queued]>
[2024-03-06T12:52:54.434+0500] {taskinstance.py:2193} INFO - Starting attempt 1 of 6
[2024-03-06T12:52:54.474+0500] {taskinstance.py:2214} INFO - Executing <Task(PythonOperator): get_age> on 2024-03-06 07:52:51.060467+00:00
[2024-03-06T12:52:54.476+0500] {standard_task_runner.py:60} INFO - Started process 1268 to run task
[2024-03-06T12:52:54.479+0500] {standard_task_runner.py:87} INFO - Running: ['airflow', 'tasks', 'run', 'python_operator_dag_v_7', 'get_age', 'manual__2024-03-06T07:52:51.060467+00:00', '--job-id', '21', '--raw', '--subdir', 'DAGS_FOLDER/python_operator_dag.py', '--cfg-path', '/tmp/tmpwt9pp3xw']
[2024-03-06T12:52:54.481+0500] {standard_task_runner.py:88} INFO - Job 21: Subtask get_age
[2024-03-06T12:52:54.566+0500] {logging_mixin.py:188} INFO - Changing /mnt/c/airflow_tutorial/logs/dag_id=python_operator_dag_v_7/run_id=manual__2024-03-06T07:52:51.060467+00:00/task_id=get_age permission to 509
[2024-03-06T12:52:54.568+0500] {logging_mixin.py:188} INFO - Changing /mnt/c/airflow_tutorial/logs/dag_id=python_operator_dag_v_7/run_id=manual__2024-03-06T07:52:51.060467+00:00 permission to 509
[2024-03-06T12:52:54.569+0500] {logging_mixin.py:188} INFO - Changing /mnt/c/airflow_tutorial/logs/dag_id=python_operator_dag_v_7 permission to 509
[2024-03-06T12:52:54.570+0500] {logging_mixin.py:188} INFO - Changing /mnt/c/airflow_tutorial/logs permission to 509
[2024-03-06T12:52:54.572+0500] {logging_mixin.py:188} INFO - Changing /mnt/c/airflow_tutorial permission to 509
[2024-03-06T12:52:54.574+0500] {logging_mixin.py:188} INFO - Changing /mnt/c permission to 509
[2024-03-06T12:52:54.574+0500] {logging_mixin.py:188} INFO - Failed to change /mnt/c permission to 509: [Errno 13] Permission denied: '/mnt/c'
[2024-03-06T12:52:54.576+0500] {task_command.py:423} INFO - Running <TaskInstance: python_operator_dag_v_7.get_age manual__2024-03-06T07:52:51.060467+00:00 [running]> on host DESKTOP-QMFTH9M.
[2024-03-06T12:52:54.711+0500] {taskinstance.py:2510} INFO - Exporting env vars: AIRFLOW_CTX_DAG_OWNER='naeem' AIRFLOW_CTX_DAG_ID='python_operator_dag_v_7' AIRFLOW_CTX_TASK_ID='get_age' AIRFLOW_CTX_EXECUTION_DATE='2024-03-06T07:52:51.060467+00:00' AIRFLOW_CTX_TRY_NUMBER='1' AIRFLOW_CTX_DAG_RUN_ID='manual__2024-03-06T07:52:51.060467+00:00'
[2024-03-06T12:52:54.751+0500] {python.py:202} INFO - Done. Returned value was: None
[2024-03-06T12:52:54.769+0500] {taskinstance.py:1149} INFO - Marking task as SUCCESS. dag_id=python_operator_dag_v_7, task_id=get_age, execution_date=20240306T075251, start_date=20240306T075254, end_date=20240306T075254
[2024-03-06T12:52:54.852+0500] {local_task_job_runner.py:234} INFO - Task exited with return code 0
[2024-03-06T12:52:54.914+0500] {taskinstance.py:3309} INFO - 1 downstream tasks scheduled from follow-on schedule check
