[2024-03-06T12:39:44.061+0500] {logging_mixin.py:188} INFO - Changing /mnt/c/airflow_tutorial/logs/dag_id=python_operator_dag_v_5/run_id=manual__2024-03-06T07:39:38.766386+00:00/task_id=greet permission to 509
[2024-03-06T12:39:44.063+0500] {logging_mixin.py:188} INFO - Changing /mnt/c/airflow_tutorial/logs/dag_id=python_operator_dag_v_5/run_id=manual__2024-03-06T07:39:38.766386+00:00 permission to 509
[2024-03-06T12:39:44.064+0500] {logging_mixin.py:188} INFO - Changing /mnt/c/airflow_tutorial/logs/dag_id=python_operator_dag_v_5 permission to 509
[2024-03-06T12:39:44.066+0500] {logging_mixin.py:188} INFO - Changing /mnt/c/airflow_tutorial/logs permission to 509
[2024-03-06T12:39:44.068+0500] {logging_mixin.py:188} INFO - Changing /mnt/c/airflow_tutorial permission to 509
[2024-03-06T12:39:44.070+0500] {logging_mixin.py:188} INFO - Changing /mnt/c permission to 509
[2024-03-06T12:39:44.071+0500] {logging_mixin.py:188} INFO - Failed to change /mnt/c permission to 509: [Errno 13] Permission denied: '/mnt/c'
[2024-03-06T12:39:44.131+0500] {logging_mixin.py:188} INFO - Changing /mnt/c/airflow_tutorial/logs/dag_id=python_operator_dag_v_5/run_id=manual__2024-03-06T07:39:38.766386+00:00/task_id=greet permission to 509
[2024-03-06T12:39:44.133+0500] {logging_mixin.py:188} INFO - Changing /mnt/c/airflow_tutorial/logs/dag_id=python_operator_dag_v_5/run_id=manual__2024-03-06T07:39:38.766386+00:00 permission to 509
[2024-03-06T12:39:44.134+0500] {logging_mixin.py:188} INFO - Changing /mnt/c/airflow_tutorial/logs/dag_id=python_operator_dag_v_5 permission to 509
[2024-03-06T12:39:44.137+0500] {logging_mixin.py:188} INFO - Changing /mnt/c/airflow_tutorial/logs permission to 509
[2024-03-06T12:39:44.138+0500] {logging_mixin.py:188} INFO - Changing /mnt/c/airflow_tutorial permission to 509
[2024-03-06T12:39:44.139+0500] {logging_mixin.py:188} INFO - Changing /mnt/c permission to 509
[2024-03-06T12:39:44.140+0500] {logging_mixin.py:188} INFO - Failed to change /mnt/c permission to 509: [Errno 13] Permission denied: '/mnt/c'
[2024-03-06T12:39:44.177+0500] {taskinstance.py:1979} INFO - Dependencies all met for dep_context=non-requeueable deps ti=<TaskInstance: python_operator_dag_v_5.greet manual__2024-03-06T07:39:38.766386+00:00 [queued]>
[2024-03-06T12:39:44.194+0500] {taskinstance.py:1979} INFO - Dependencies all met for dep_context=requeueable deps ti=<TaskInstance: python_operator_dag_v_5.greet manual__2024-03-06T07:39:38.766386+00:00 [queued]>
[2024-03-06T12:39:44.195+0500] {taskinstance.py:2193} INFO - Starting attempt 1 of 6
[2024-03-06T12:39:44.235+0500] {taskinstance.py:2214} INFO - Executing <Task(PythonOperator): greet> on 2024-03-06 07:39:38.766386+00:00
[2024-03-06T12:39:44.238+0500] {standard_task_runner.py:60} INFO - Started process 1096 to run task
[2024-03-06T12:39:44.240+0500] {standard_task_runner.py:87} INFO - Running: ['airflow', 'tasks', 'run', 'python_operator_dag_v_5', 'greet', 'manual__2024-03-06T07:39:38.766386+00:00', '--job-id', '18', '--raw', '--subdir', 'DAGS_FOLDER/python_operator_dag.py', '--cfg-path', '/tmp/tmpxwy71rg7']
[2024-03-06T12:39:44.241+0500] {standard_task_runner.py:88} INFO - Job 18: Subtask greet
[2024-03-06T12:39:44.341+0500] {logging_mixin.py:188} INFO - Changing /mnt/c/airflow_tutorial/logs/dag_id=python_operator_dag_v_5/run_id=manual__2024-03-06T07:39:38.766386+00:00/task_id=greet permission to 509
[2024-03-06T12:39:44.342+0500] {logging_mixin.py:188} INFO - Changing /mnt/c/airflow_tutorial/logs/dag_id=python_operator_dag_v_5/run_id=manual__2024-03-06T07:39:38.766386+00:00 permission to 509
[2024-03-06T12:39:44.344+0500] {logging_mixin.py:188} INFO - Changing /mnt/c/airflow_tutorial/logs/dag_id=python_operator_dag_v_5 permission to 509
[2024-03-06T12:39:44.346+0500] {logging_mixin.py:188} INFO - Changing /mnt/c/airflow_tutorial/logs permission to 509
[2024-03-06T12:39:44.347+0500] {logging_mixin.py:188} INFO - Changing /mnt/c/airflow_tutorial permission to 509
[2024-03-06T12:39:44.349+0500] {logging_mixin.py:188} INFO - Changing /mnt/c permission to 509
[2024-03-06T12:39:44.350+0500] {logging_mixin.py:188} INFO - Failed to change /mnt/c permission to 509: [Errno 13] Permission denied: '/mnt/c'
[2024-03-06T12:39:44.352+0500] {task_command.py:423} INFO - Running <TaskInstance: python_operator_dag_v_5.greet manual__2024-03-06T07:39:38.766386+00:00 [running]> on host DESKTOP-QMFTH9M.
[2024-03-06T12:39:44.503+0500] {taskinstance.py:2510} INFO - Exporting env vars: AIRFLOW_CTX_DAG_OWNER='naeem' AIRFLOW_CTX_DAG_ID='python_operator_dag_v_5' AIRFLOW_CTX_TASK_ID='greet' AIRFLOW_CTX_EXECUTION_DATE='2024-03-06T07:39:38.766386+00:00' AIRFLOW_CTX_TRY_NUMBER='1' AIRFLOW_CTX_DAG_RUN_ID='manual__2024-03-06T07:39:38.766386+00:00'
[2024-03-06T12:39:44.519+0500] {logging_mixin.py:188} INFO - Hi, My name is Muhammad Naeem, and I am 25 years old...
[2024-03-06T12:39:44.519+0500] {python.py:202} INFO - Done. Returned value was: None
[2024-03-06T12:39:44.531+0500] {taskinstance.py:1149} INFO - Marking task as SUCCESS. dag_id=python_operator_dag_v_5, task_id=greet, execution_date=20240306T073938, start_date=20240306T073944, end_date=20240306T073944
[2024-03-06T12:39:44.574+0500] {local_task_job_runner.py:234} INFO - Task exited with return code 0
[2024-03-06T12:39:44.596+0500] {taskinstance.py:3309} INFO - 0 downstream tasks scheduled from follow-on schedule check
